2024-05-25 22:27:28,419 DEBUG logging: Logging Provider: org.jboss.logging.Log4j2LoggerProvider
2024-05-25 22:27:28,578 DEBUG IntegratorServiceImpl: Adding Integrator [org.hibernate.boot.beanvalidation.BeanValidationIntegrator].
2024-05-25 22:27:28,734 DEBUG IntegratorServiceImpl: Adding Integrator [org.hibernate.cache.internal.CollectionCacheInvalidator].
2024-05-25 22:27:29,024 INFO Version: HHH000412: Hibernate ORM core version 6.4.1.Final
2024-05-25 22:27:29,024 DEBUG Environment: HHH000206: 'hibernate.properties' not found
2024-05-25 22:27:29,500 DEBUG LocalXmlResourceResolver: Checking public/system identifiers `-//Hibernate/Hibernate Configuration DTD//EN`/`http://www.hibernate.org/dtd/hibernate-configuration-3.0.dtd` as DTD references
2024-05-25 22:27:29,531 DEBUG JaxbCfgProcessor: cfg.xml document did not define namespaces; wrapping in custom event reader to introduce namespace information
2024-05-25 22:27:30,498 DEBUG Configuration: Building session factory using internal StandardServiceRegistryBuilder
2024-05-25 22:27:30,545 DEBUG Configuration: Building session factory using provided StandardServiceRegistry
2024-05-25 22:27:30,671 DEBUG factory: Ignoring CDI for resolving IdentifierGenerator instances as extended or delayed CDI support was enabled
2024-05-25 22:27:30,702 DEBUG factory: Registering IdentifierGenerator strategy [uuid2] -> [org.hibernate.id.UUIDGenerator]
2024-05-25 22:27:30,702 DEBUG factory: Registering IdentifierGenerator strategy [guid] -> [org.hibernate.id.GUIDGenerator]
2024-05-25 22:27:30,702 DEBUG factory: Registering IdentifierGenerator strategy [uuid] -> [org.hibernate.id.UUIDHexGenerator]
2024-05-25 22:27:30,702 DEBUG factory: Registering IdentifierGenerator strategy [uuid.hex] -> [org.hibernate.id.UUIDHexGenerator]
2024-05-25 22:27:30,702 DEBUG factory: Registering IdentifierGenerator strategy [assigned] -> [org.hibernate.id.Assigned]
2024-05-25 22:27:30,702 DEBUG factory: Registering IdentifierGenerator strategy [identity] -> [org.hibernate.id.IdentityGenerator]
2024-05-25 22:27:30,702 DEBUG factory: Registering IdentifierGenerator strategy [select] -> [org.hibernate.id.SelectGenerator]
2024-05-25 22:27:30,702 DEBUG factory: Registering IdentifierGenerator strategy [sequence] -> [org.hibernate.id.enhanced.SequenceStyleGenerator]
2024-05-25 22:27:30,702 DEBUG factory: Registering IdentifierGenerator strategy [increment] -> [org.hibernate.id.IncrementGenerator]
2024-05-25 22:27:30,702 DEBUG factory: Registering IdentifierGenerator strategy [foreign] -> [org.hibernate.id.ForeignGenerator]
2024-05-25 22:27:30,702 DEBUG factory: Registering IdentifierGenerator strategy [enhanced-sequence] -> [org.hibernate.id.enhanced.SequenceStyleGenerator]
2024-05-25 22:27:30,702 DEBUG factory: Registering IdentifierGenerator strategy [enhanced-table] -> [org.hibernate.id.enhanced.TableGenerator]
2024-05-25 22:27:30,784 DEBUG RegionFactoryInitiator: Cannot default RegionFactory based on registered strategies as `[]` RegionFactory strategies were registered
2024-05-25 22:27:30,799 INFO RegionFactoryInitiator: HHH000026: Second-level cache disabled
2024-05-25 22:27:31,653 DEBUG BasicTypeRegistry: Adding type registration boolean -> org.hibernate.type.BasicTypeReference@29f0c4f2
2024-05-25 22:27:31,653 DEBUG BasicTypeRegistry: Adding type registration boolean -> org.hibernate.type.BasicTypeReference@29f0c4f2
2024-05-25 22:27:31,653 DEBUG BasicTypeRegistry: Adding type registration java.lang.Boolean -> org.hibernate.type.BasicTypeReference@29f0c4f2
2024-05-25 22:27:31,653 DEBUG BasicTypeRegistry: Adding type registration numeric_boolean -> org.hibernate.type.BasicTypeReference@7435a578
2024-05-25 22:27:31,653 DEBUG BasicTypeRegistry: Adding type registration org.hibernate.type.NumericBooleanConverter -> org.hibernate.type.BasicTypeReference@7435a578
2024-05-25 22:27:31,653 DEBUG BasicTypeRegistry: Adding type registration true_false -> org.hibernate.type.BasicTypeReference@6093d508
2024-05-25 22:27:31,653 DEBUG BasicTypeRegistry: Adding type registration org.hibernate.type.TrueFalseConverter -> org.hibernate.type.BasicTypeReference@6093d508
2024-05-25 22:27:31,653 DEBUG BasicTypeRegistry: Adding type registration yes_no -> org.hibernate.type.BasicTypeReference@13047d7d
2024-05-25 22:27:31,653 DEBUG BasicTypeRegistry: Adding type registration org.hibernate.type.YesNoConverter -> org.hibernate.type.BasicTypeReference@13047d7d
2024-05-25 22:27:31,653 DEBUG BasicTypeRegistry: Adding type registration byte -> org.hibernate.type.BasicTypeReference@3c7cfcbb
2024-05-25 22:27:31,653 DEBUG BasicTypeRegistry: Adding type registration byte -> org.hibernate.type.BasicTypeReference@3c7cfcbb
2024-05-25 22:27:31,653 DEBUG BasicTypeRegistry: Adding type registration java.lang.Byte -> org.hibernate.type.BasicTypeReference@3c7cfcbb
2024-05-25 22:27:31,653 DEBUG BasicTypeRegistry: Adding type registration binary -> org.hibernate.type.BasicTypeReference@65bb9029
2024-05-25 22:27:31,653 DEBUG BasicTypeRegistry: Adding type registration byte[] -> org.hibernate.type.BasicTypeReference@65bb9029
2024-05-25 22:27:31,653 DEBUG BasicTypeRegistry: Adding type registration [B -> org.hibernate.type.BasicTypeReference@65bb9029
2024-05-25 22:27:31,653 DEBUG BasicTypeRegistry: Adding type registration binary_wrapper -> org.hibernate.type.BasicTypeReference@1bfe3203
2024-05-25 22:27:31,653 DEBUG BasicTypeRegistry: Adding type registration wrapper-binary -> org.hibernate.type.BasicTypeReference@1bfe3203
2024-05-25 22:27:31,653 DEBUG BasicTypeRegistry: Adding type registration image -> org.hibernate.type.BasicTypeReference@2b214b94
2024-05-25 22:27:31,653 DEBUG BasicTypeRegistry: Adding type registration blob -> org.hibernate.type.BasicTypeReference@70e3f36f
2024-05-25 22:27:31,653 DEBUG BasicTypeRegistry: Adding type registration java.sql.Blob -> org.hibernate.type.BasicTypeReference@70e3f36f
2024-05-25 22:27:31,653 DEBUG BasicTypeRegistry: Adding type registration materialized_blob -> org.hibernate.type.BasicTypeReference@49601f82
2024-05-25 22:27:31,653 DEBUG BasicTypeRegistry: Adding type registration materialized_blob_wrapper -> org.hibernate.type.BasicTypeReference@23e44287
2024-05-25 22:27:31,653 DEBUG BasicTypeRegistry: Adding type registration short -> org.hibernate.type.BasicTypeReference@2b8d084
2024-05-25 22:27:31,653 DEBUG BasicTypeRegistry: Adding type registration short -> org.hibernate.type.BasicTypeReference@2b8d084
2024-05-25 22:27:31,653 DEBUG BasicTypeRegistry: Adding type registration java.lang.Short -> org.hibernate.type.BasicTypeReference@2b8d084
2024-05-25 22:27:31,653 DEBUG BasicTypeRegistry: Adding type registration integer -> org.hibernate.type.BasicTypeReference@6daf2337
2024-05-25 22:27:31,653 DEBUG BasicTypeRegistry: Adding type registration int -> org.hibernate.type.BasicTypeReference@6daf2337
2024-05-25 22:27:31,653 DEBUG BasicTypeRegistry: Adding type registration java.lang.Integer -> org.hibernate.type.BasicTypeReference@6daf2337
2024-05-25 22:27:31,653 DEBUG BasicTypeRegistry: Adding type registration long -> org.hibernate.type.BasicTypeReference@24fabd0f
2024-05-25 22:27:31,653 DEBUG BasicTypeRegistry: Adding type registration long -> org.hibernate.type.BasicTypeReference@24fabd0f
2024-05-25 22:27:31,653 DEBUG BasicTypeRegistry: Adding type registration java.lang.Long -> org.hibernate.type.BasicTypeReference@24fabd0f
2024-05-25 22:27:31,653 DEBUG BasicTypeRegistry: Adding type registration float -> org.hibernate.type.BasicTypeReference@250b236d
2024-05-25 22:27:31,653 DEBUG BasicTypeRegistry: Adding type registration float -> org.hibernate.type.BasicTypeReference@250b236d
2024-05-25 22:27:31,653 DEBUG BasicTypeRegistry: Adding type registration java.lang.Float -> org.hibernate.type.BasicTypeReference@250b236d
2024-05-25 22:27:31,653 DEBUG BasicTypeRegistry: Adding type registration double -> org.hibernate.type.BasicTypeReference@61f3fbb8
2024-05-25 22:27:31,653 DEBUG BasicTypeRegistry: Adding type registration double -> org.hibernate.type.BasicTypeReference@61f3fbb8
2024-05-25 22:27:31,653 DEBUG BasicTypeRegistry: Adding type registration java.lang.Double -> org.hibernate.type.BasicTypeReference@61f3fbb8
2024-05-25 22:27:31,653 DEBUG BasicTypeRegistry: Adding type registration big_integer -> org.hibernate.type.BasicTypeReference@7551da2a
2024-05-25 22:27:31,653 DEBUG BasicTypeRegistry: Adding type registration java.math.BigInteger -> org.hibernate.type.BasicTypeReference@7551da2a
2024-05-25 22:27:31,653 DEBUG BasicTypeRegistry: Adding type registration big_decimal -> org.hibernate.type.BasicTypeReference@432034a
2024-05-25 22:27:31,653 DEBUG BasicTypeRegistry: Adding type registration java.math.BigDecimal -> org.hibernate.type.BasicTypeReference@432034a
2024-05-25 22:27:31,653 DEBUG BasicTypeRegistry: Adding type registration character -> org.hibernate.type.BasicTypeReference@78de58ea
2024-05-25 22:27:31,653 DEBUG BasicTypeRegistry: Adding type registration char -> org.hibernate.type.BasicTypeReference@78de58ea
2024-05-25 22:27:31,653 DEBUG BasicTypeRegistry: Adding type registration java.lang.Character -> org.hibernate.type.BasicTypeReference@78de58ea
2024-05-25 22:27:31,653 DEBUG BasicTypeRegistry: Adding type registration character_nchar -> org.hibernate.type.BasicTypeReference@60e5272
2024-05-25 22:27:31,653 DEBUG BasicTypeRegistry: Adding type registration string -> org.hibernate.type.BasicTypeReference@7d755813
2024-05-25 22:27:31,653 DEBUG BasicTypeRegistry: Adding type registration java.lang.String -> org.hibernate.type.BasicTypeReference@7d755813
2024-05-25 22:27:31,653 DEBUG BasicTypeRegistry: Adding type registration nstring -> org.hibernate.type.BasicTypeReference@69c93ca4
2024-05-25 22:27:31,653 DEBUG BasicTypeRegistry: Adding type registration characters -> org.hibernate.type.BasicTypeReference@63da207f
2024-05-25 22:27:31,653 DEBUG BasicTypeRegistry: Adding type registration char[] -> org.hibernate.type.BasicTypeReference@63da207f
2024-05-25 22:27:31,653 DEBUG BasicTypeRegistry: Adding type registration [C -> org.hibernate.type.BasicTypeReference@63da207f
2024-05-25 22:27:31,653 DEBUG BasicTypeRegistry: Adding type registration wrapper-characters -> org.hibernate.type.BasicTypeReference@173373b4
2024-05-25 22:27:31,653 DEBUG BasicTypeRegistry: Adding type registration text -> org.hibernate.type.BasicTypeReference@40d10481
2024-05-25 22:27:31,653 DEBUG BasicTypeRegistry: Adding type registration ntext -> org.hibernate.type.BasicTypeReference@60dd3c23
2024-05-25 22:27:31,653 DEBUG BasicTypeRegistry: Adding type registration clob -> org.hibernate.type.BasicTypeReference@52b6319f
2024-05-25 22:27:31,653 DEBUG BasicTypeRegistry: Adding type registration java.sql.Clob -> org.hibernate.type.BasicTypeReference@52b6319f
2024-05-25 22:27:31,653 DEBUG BasicTypeRegistry: Adding type registration nclob -> org.hibernate.type.BasicTypeReference@5e9456ae
2024-05-25 22:27:31,653 DEBUG BasicTypeRegistry: Adding type registration java.sql.NClob -> org.hibernate.type.BasicTypeReference@5e9456ae
2024-05-25 22:27:31,653 DEBUG BasicTypeRegistry: Adding type registration materialized_clob -> org.hibernate.type.BasicTypeReference@16a9a4f1
2024-05-25 22:27:31,653 DEBUG BasicTypeRegistry: Adding type registration materialized_clob_char_array -> org.hibernate.type.BasicTypeReference@1f1cae23
2024-05-25 22:27:31,653 DEBUG BasicTypeRegistry: Adding type registration materialized_clob_character_array -> org.hibernate.type.BasicTypeReference@7c455e96
2024-05-25 22:27:31,653 DEBUG BasicTypeRegistry: Adding type registration materialized_nclob -> org.hibernate.type.BasicTypeReference@985696
2024-05-25 22:27:31,653 DEBUG BasicTypeRegistry: Adding type registration materialized_nclob_character_array -> org.hibernate.type.BasicTypeReference@5bcde458
2024-05-25 22:27:31,653 DEBUG BasicTypeRegistry: Adding type registration materialized_nclob_char_array -> org.hibernate.type.BasicTypeReference@215a34b4
2024-05-25 22:27:31,653 DEBUG BasicTypeRegistry: Adding type registration Duration -> org.hibernate.type.BasicTypeReference@77bd7fe7
2024-05-25 22:27:31,653 DEBUG BasicTypeRegistry: Adding type registration java.time.Duration -> org.hibernate.type.BasicTypeReference@77bd7fe7
2024-05-25 22:27:31,653 DEBUG BasicTypeRegistry: Adding type registration LocalDateTime -> org.hibernate.type.BasicTypeReference@35d3ab60
2024-05-25 22:27:31,653 DEBUG BasicTypeRegistry: Adding type registration java.time.LocalDateTime -> org.hibernate.type.BasicTypeReference@35d3ab60
2024-05-25 22:27:31,653 DEBUG BasicTypeRegistry: Adding type registration LocalDate -> org.hibernate.type.BasicTypeReference@10876a6
2024-05-25 22:27:31,653 DEBUG BasicTypeRegistry: Adding type registration java.time.LocalDate -> org.hibernate.type.BasicTypeReference@10876a6
2024-05-25 22:27:31,653 DEBUG BasicTypeRegistry: Adding type registration LocalTime -> org.hibernate.type.BasicTypeReference@71870da7
2024-05-25 22:27:31,653 DEBUG BasicTypeRegistry: Adding type registration java.time.LocalTime -> org.hibernate.type.BasicTypeReference@71870da7
2024-05-25 22:27:31,653 DEBUG BasicTypeRegistry: Adding type registration OffsetDateTime -> org.hibernate.type.BasicTypeReference@6dd91637
2024-05-25 22:27:31,653 DEBUG BasicTypeRegistry: Adding type registration java.time.OffsetDateTime -> org.hibernate.type.BasicTypeReference@6dd91637
2024-05-25 22:27:31,669 DEBUG BasicTypeRegistry: Adding type registration OffsetDateTimeWithTimezone -> org.hibernate.type.BasicTypeReference@45792847
2024-05-25 22:27:31,669 DEBUG BasicTypeRegistry: Adding type registration OffsetDateTimeWithoutTimezone -> org.hibernate.type.BasicTypeReference@706cb08
2024-05-25 22:27:31,669 DEBUG BasicTypeRegistry: Adding type registration OffsetTime -> org.hibernate.type.BasicTypeReference@4e25147a
2024-05-25 22:27:31,669 DEBUG BasicTypeRegistry: Adding type registration java.time.OffsetTime -> org.hibernate.type.BasicTypeReference@4e25147a
2024-05-25 22:27:31,669 DEBUG BasicTypeRegistry: Adding type registration OffsetTimeUtc -> org.hibernate.type.BasicTypeReference@6b68cb27
2024-05-25 22:27:31,669 DEBUG BasicTypeRegistry: Adding type registration OffsetTimeWithTimezone -> org.hibernate.type.BasicTypeReference@675ffd1d
2024-05-25 22:27:31,669 DEBUG BasicTypeRegistry: Adding type registration OffsetTimeWithoutTimezone -> org.hibernate.type.BasicTypeReference@56303475
2024-05-25 22:27:31,669 DEBUG BasicTypeRegistry: Adding type registration ZonedDateTime -> org.hibernate.type.BasicTypeReference@30506c0d
2024-05-25 22:27:31,669 DEBUG BasicTypeRegistry: Adding type registration java.time.ZonedDateTime -> org.hibernate.type.BasicTypeReference@30506c0d
2024-05-25 22:27:31,669 DEBUG BasicTypeRegistry: Adding type registration ZonedDateTimeWithTimezone -> org.hibernate.type.BasicTypeReference@1dcca8d3
2024-05-25 22:27:31,669 DEBUG BasicTypeRegistry: Adding type registration ZonedDateTimeWithoutTimezone -> org.hibernate.type.BasicTypeReference@5631962
2024-05-25 22:27:31,669 DEBUG BasicTypeRegistry: Adding type registration date -> org.hibernate.type.BasicTypeReference@52a70627
2024-05-25 22:27:31,669 DEBUG BasicTypeRegistry: Adding type registration java.sql.Date -> org.hibernate.type.BasicTypeReference@52a70627
2024-05-25 22:27:31,669 DEBUG BasicTypeRegistry: Adding type registration time -> org.hibernate.type.BasicTypeReference@6124287a
2024-05-25 22:27:31,669 DEBUG BasicTypeRegistry: Adding type registration java.sql.Time -> org.hibernate.type.BasicTypeReference@6124287a
2024-05-25 22:27:31,669 DEBUG BasicTypeRegistry: Adding type registration timestamp -> org.hibernate.type.BasicTypeReference@19569ebd
2024-05-25 22:27:31,669 DEBUG BasicTypeRegistry: Adding type registration java.sql.Timestamp -> org.hibernate.type.BasicTypeReference@19569ebd
2024-05-25 22:27:31,669 DEBUG BasicTypeRegistry: Adding type registration java.util.Date -> org.hibernate.type.BasicTypeReference@19569ebd
2024-05-25 22:27:31,669 DEBUG BasicTypeRegistry: Adding type registration calendar -> org.hibernate.type.BasicTypeReference@4632cfc
2024-05-25 22:27:31,669 DEBUG BasicTypeRegistry: Adding type registration java.util.Calendar -> org.hibernate.type.BasicTypeReference@4632cfc
2024-05-25 22:27:31,669 DEBUG BasicTypeRegistry: Adding type registration java.util.GregorianCalendar -> org.hibernate.type.BasicTypeReference@4632cfc
2024-05-25 22:27:31,669 DEBUG BasicTypeRegistry: Adding type registration calendar_date -> org.hibernate.type.BasicTypeReference@6e1f8469
2024-05-25 22:27:31,669 DEBUG BasicTypeRegistry: Adding type registration calendar_time -> org.hibernate.type.BasicTypeReference@2e380628
2024-05-25 22:27:31,669 DEBUG BasicTypeRegistry: Adding type registration instant -> org.hibernate.type.BasicTypeReference@3b6c624
2024-05-25 22:27:31,669 DEBUG BasicTypeRegistry: Adding type registration java.time.Instant -> org.hibernate.type.BasicTypeReference@3b6c624
2024-05-25 22:27:31,669 DEBUG BasicTypeRegistry: Adding type registration uuid -> org.hibernate.type.BasicTypeReference@1eaf1e62
2024-05-25 22:27:31,669 DEBUG BasicTypeRegistry: Adding type registration java.util.UUID -> org.hibernate.type.BasicTypeReference@1eaf1e62
2024-05-25 22:27:31,669 DEBUG BasicTypeRegistry: Adding type registration pg-uuid -> org.hibernate.type.BasicTypeReference@1eaf1e62
2024-05-25 22:27:31,669 DEBUG BasicTypeRegistry: Adding type registration uuid-binary -> org.hibernate.type.BasicTypeReference@c81fd12
2024-05-25 22:27:31,669 DEBUG BasicTypeRegistry: Adding type registration uuid-char -> org.hibernate.type.BasicTypeReference@62e6a3ec
2024-05-25 22:27:31,669 DEBUG BasicTypeRegistry: Adding type registration class -> org.hibernate.type.BasicTypeReference@5754de72
2024-05-25 22:27:31,669 DEBUG BasicTypeRegistry: Adding type registration java.lang.Class -> org.hibernate.type.BasicTypeReference@5754de72
2024-05-25 22:27:31,669 DEBUG BasicTypeRegistry: Adding type registration currency -> org.hibernate.type.BasicTypeReference@31ee96f4
2024-05-25 22:27:31,669 DEBUG BasicTypeRegistry: Adding type registration Currency -> org.hibernate.type.BasicTypeReference@31ee96f4
2024-05-25 22:27:31,669 DEBUG BasicTypeRegistry: Adding type registration java.util.Currency -> org.hibernate.type.BasicTypeReference@31ee96f4
2024-05-25 22:27:31,669 DEBUG BasicTypeRegistry: Adding type registration locale -> org.hibernate.type.BasicTypeReference@320494b6
2024-05-25 22:27:31,669 DEBUG BasicTypeRegistry: Adding type registration java.util.Locale -> org.hibernate.type.BasicTypeReference@320494b6
2024-05-25 22:27:31,669 DEBUG BasicTypeRegistry: Adding type registration serializable -> org.hibernate.type.BasicTypeReference@652ab8d9
2024-05-25 22:27:31,669 DEBUG BasicTypeRegistry: Adding type registration java.io.Serializable -> org.hibernate.type.BasicTypeReference@652ab8d9
2024-05-25 22:27:31,669 DEBUG BasicTypeRegistry: Adding type registration timezone -> org.hibernate.type.BasicTypeReference@14fc5d40
2024-05-25 22:27:31,669 DEBUG BasicTypeRegistry: Adding type registration java.util.TimeZone -> org.hibernate.type.BasicTypeReference@14fc5d40
2024-05-25 22:27:31,669 DEBUG BasicTypeRegistry: Adding type registration ZoneOffset -> org.hibernate.type.BasicTypeReference@51e0301d
2024-05-25 22:27:31,669 DEBUG BasicTypeRegistry: Adding type registration java.time.ZoneOffset -> org.hibernate.type.BasicTypeReference@51e0301d
2024-05-25 22:27:31,669 DEBUG BasicTypeRegistry: Adding type registration url -> org.hibernate.type.BasicTypeReference@47d7bfb3
2024-05-25 22:27:31,669 DEBUG BasicTypeRegistry: Adding type registration java.net.URL -> org.hibernate.type.BasicTypeReference@47d7bfb3
2024-05-25 22:27:31,669 DEBUG BasicTypeRegistry: Adding type registration vector -> org.hibernate.type.BasicTypeReference@770b3be0
2024-05-25 22:27:31,669 DEBUG BasicTypeRegistry: Adding type registration row_version -> org.hibernate.type.BasicTypeReference@1eb6e1c
2024-05-25 22:27:31,685 DEBUG BasicTypeRegistry: Adding type registration object -> org.hibernate.type.JavaObjectType@769d513
2024-05-25 22:27:31,685 DEBUG BasicTypeRegistry: Adding type registration java.lang.Object -> org.hibernate.type.JavaObjectType@769d513
2024-05-25 22:27:31,686 DEBUG BasicTypeRegistry: Adding type registration null -> org.hibernate.type.NullType@511505e7
2024-05-25 22:27:31,686 DEBUG BasicTypeRegistry: Adding type registration imm_date -> org.hibernate.type.BasicTypeReference@646811d6
2024-05-25 22:27:31,686 DEBUG BasicTypeRegistry: Adding type registration imm_time -> org.hibernate.type.BasicTypeReference@15fdd1f2
2024-05-25 22:27:31,686 DEBUG BasicTypeRegistry: Adding type registration imm_timestamp -> org.hibernate.type.BasicTypeReference@cb0f763
2024-05-25 22:27:31,686 DEBUG BasicTypeRegistry: Adding type registration imm_calendar -> org.hibernate.type.BasicTypeReference@7573e12f
2024-05-25 22:27:31,686 DEBUG BasicTypeRegistry: Adding type registration imm_calendar_date -> org.hibernate.type.BasicTypeReference@51b1a8f6
2024-05-25 22:27:31,686 DEBUG BasicTypeRegistry: Adding type registration imm_calendar_time -> org.hibernate.type.BasicTypeReference@2a389173
2024-05-25 22:27:31,686 DEBUG BasicTypeRegistry: Adding type registration imm_binary -> org.hibernate.type.BasicTypeReference@213860b8
2024-05-25 22:27:31,686 DEBUG BasicTypeRegistry: Adding type registration imm_serializable -> org.hibernate.type.BasicTypeReference@4ba89729
2024-05-25 22:27:31,845 WARN pooling: HHH10001002: Using built-in connection pool (not intended for production use)
2024-05-25 22:27:31,877 INFO pooling: HHH10001005: Loaded JDBC driver class: org.postgresql.Driver
2024-05-25 22:27:31,877 INFO pooling: HHH10001012: Connecting with JDBC URL [jdbc:postgresql://localhost:5432/game]
2024-05-25 22:27:31,877 INFO pooling: HHH10001001: Connection properties: {password=postgres, user=postgres}
2024-05-25 22:27:31,877 INFO pooling: HHH10001003: Autocommit mode: false
2024-05-25 22:27:31,893 DEBUG pooling: Initializing Connection pool with 1 Connections
2024-05-25 22:27:31,893 INFO pooling: HHH10001115: Connection pool size: 20 (min=1)
2024-05-25 22:27:32,593 WARN JdbcEnvironmentInitiator: HHH000342: Could not obtain connection to query metadata
java.lang.IllegalStateException: Cannot get a connection as the driver manager is not properly initialized
	at org.hibernate.engine.jdbc.connections.internal.DriverManagerConnectionProviderImpl.getConnection(DriverManagerConnectionProviderImpl.java:259) ~[hibernate-core-6.4.1.Final.jar:6.4.1.Final]
	at org.hibernate.engine.jdbc.env.internal.JdbcEnvironmentInitiator$ConnectionProviderJdbcConnectionAccess.obtainConnection(JdbcEnvironmentInitiator.java:428) ~[hibernate-core-6.4.1.Final.jar:6.4.1.Final]
	at org.hibernate.resource.transaction.backend.jdbc.internal.JdbcIsolationDelegate.delegateWork(JdbcIsolationDelegate.java:61) ~[hibernate-core-6.4.1.Final.jar:6.4.1.Final]
	at org.hibernate.engine.jdbc.env.internal.JdbcEnvironmentInitiator.getJdbcEnvironmentUsingJdbcMetadata(JdbcEnvironmentInitiator.java:276) ~[hibernate-core-6.4.1.Final.jar:6.4.1.Final]
	at org.hibernate.engine.jdbc.env.internal.JdbcEnvironmentInitiator.initiateService(JdbcEnvironmentInitiator.java:107) ~[hibernate-core-6.4.1.Final.jar:6.4.1.Final]
	at org.hibernate.engine.jdbc.env.internal.JdbcEnvironmentInitiator.initiateService(JdbcEnvironmentInitiator.java:68) ~[hibernate-core-6.4.1.Final.jar:6.4.1.Final]
	at org.hibernate.boot.registry.internal.StandardServiceRegistryImpl.initiateService(StandardServiceRegistryImpl.java:129) ~[hibernate-core-6.4.1.Final.jar:6.4.1.Final]
	at org.hibernate.service.internal.AbstractServiceRegistryImpl.createService(AbstractServiceRegistryImpl.java:263) ~[hibernate-core-6.4.1.Final.jar:6.4.1.Final]
	at org.hibernate.service.internal.AbstractServiceRegistryImpl.initializeService(AbstractServiceRegistryImpl.java:238) ~[hibernate-core-6.4.1.Final.jar:6.4.1.Final]
	at org.hibernate.service.internal.AbstractServiceRegistryImpl.getService(AbstractServiceRegistryImpl.java:215) ~[hibernate-core-6.4.1.Final.jar:6.4.1.Final]
	at org.hibernate.engine.jdbc.internal.JdbcServicesImpl.configure(JdbcServicesImpl.java:52) ~[hibernate-core-6.4.1.Final.jar:6.4.1.Final]
	at org.hibernate.boot.registry.internal.StandardServiceRegistryImpl.configureService(StandardServiceRegistryImpl.java:135) ~[hibernate-core-6.4.1.Final.jar:6.4.1.Final]
	at org.hibernate.service.internal.AbstractServiceRegistryImpl.initializeService(AbstractServiceRegistryImpl.java:247) ~[hibernate-core-6.4.1.Final.jar:6.4.1.Final]
	at org.hibernate.service.internal.AbstractServiceRegistryImpl.getService(AbstractServiceRegistryImpl.java:215) ~[hibernate-core-6.4.1.Final.jar:6.4.1.Final]
	at org.hibernate.engine.jdbc.connections.internal.BasicConnectionCreator.convertSqlException(BasicConnectionCreator.java:132) ~[hibernate-core-6.4.1.Final.jar:6.4.1.Final]
	at org.hibernate.engine.jdbc.connections.internal.DriverConnectionCreator.makeConnection(DriverConnectionCreator.java:43) ~[hibernate-core-6.4.1.Final.jar:6.4.1.Final]
	at org.hibernate.engine.jdbc.connections.internal.BasicConnectionCreator.createConnection(BasicConnectionCreator.java:61) ~[hibernate-core-6.4.1.Final.jar:6.4.1.Final]
	at org.hibernate.engine.jdbc.connections.internal.DriverManagerConnectionProviderImpl$PooledConnections.addConnections(DriverManagerConnectionProviderImpl.java:499) ~[hibernate-core-6.4.1.Final.jar:6.4.1.Final]
	at org.hibernate.engine.jdbc.connections.internal.DriverManagerConnectionProviderImpl$PooledConnections.<init>(DriverManagerConnectionProviderImpl.java:372) ~[hibernate-core-6.4.1.Final.jar:6.4.1.Final]
	at org.hibernate.engine.jdbc.connections.internal.DriverManagerConnectionProviderImpl$PooledConnections$Builder.build(DriverManagerConnectionProviderImpl.java:550) ~[hibernate-core-6.4.1.Final.jar:6.4.1.Final]
	at org.hibernate.engine.jdbc.connections.internal.DriverManagerConnectionProviderImpl.buildPool(DriverManagerConnectionProviderImpl.java:102) ~[hibernate-core-6.4.1.Final.jar:6.4.1.Final]
	at org.hibernate.engine.jdbc.connections.internal.DriverManagerConnectionProviderImpl.configure(DriverManagerConnectionProviderImpl.java:82) ~[hibernate-core-6.4.1.Final.jar:6.4.1.Final]
	at org.hibernate.boot.registry.internal.StandardServiceRegistryImpl.configureService(StandardServiceRegistryImpl.java:135) ~[hibernate-core-6.4.1.Final.jar:6.4.1.Final]
	at org.hibernate.service.internal.AbstractServiceRegistryImpl.initializeService(AbstractServiceRegistryImpl.java:247) ~[hibernate-core-6.4.1.Final.jar:6.4.1.Final]
	at org.hibernate.service.internal.AbstractServiceRegistryImpl.getService(AbstractServiceRegistryImpl.java:215) ~[hibernate-core-6.4.1.Final.jar:6.4.1.Final]
	at org.hibernate.engine.jdbc.env.internal.JdbcEnvironmentInitiator.buildJdbcConnectionAccess(JdbcEnvironmentInitiator.java:395) ~[hibernate-core-6.4.1.Final.jar:6.4.1.Final]
	at org.hibernate.engine.jdbc.env.internal.JdbcEnvironmentInitiator.getJdbcEnvironmentUsingJdbcMetadata(JdbcEnvironmentInitiator.java:262) ~[hibernate-core-6.4.1.Final.jar:6.4.1.Final]
	at org.hibernate.engine.jdbc.env.internal.JdbcEnvironmentInitiator.initiateService(JdbcEnvironmentInitiator.java:107) ~[hibernate-core-6.4.1.Final.jar:6.4.1.Final]
	at org.hibernate.engine.jdbc.env.internal.JdbcEnvironmentInitiator.initiateService(JdbcEnvironmentInitiator.java:68) ~[hibernate-core-6.4.1.Final.jar:6.4.1.Final]
	at org.hibernate.boot.registry.internal.StandardServiceRegistryImpl.initiateService(StandardServiceRegistryImpl.java:129) ~[hibernate-core-6.4.1.Final.jar:6.4.1.Final]
	at org.hibernate.service.internal.AbstractServiceRegistryImpl.createService(AbstractServiceRegistryImpl.java:263) ~[hibernate-core-6.4.1.Final.jar:6.4.1.Final]
	at org.hibernate.service.internal.AbstractServiceRegistryImpl.initializeService(AbstractServiceRegistryImpl.java:238) ~[hibernate-core-6.4.1.Final.jar:6.4.1.Final]
	at org.hibernate.service.internal.AbstractServiceRegistryImpl.getService(AbstractServiceRegistryImpl.java:215) ~[hibernate-core-6.4.1.Final.jar:6.4.1.Final]
	at org.hibernate.boot.model.relational.Database.<init>(Database.java:45) ~[hibernate-core-6.4.1.Final.jar:6.4.1.Final]
	at org.hibernate.boot.internal.InFlightMetadataCollectorImpl.getDatabase(InFlightMetadataCollectorImpl.java:223) ~[hibernate-core-6.4.1.Final.jar:6.4.1.Final]
	at org.hibernate.boot.internal.InFlightMetadataCollectorImpl.<init>(InFlightMetadataCollectorImpl.java:191) ~[hibernate-core-6.4.1.Final.jar:6.4.1.Final]
	at org.hibernate.boot.model.process.spi.MetadataBuildingProcess.complete(MetadataBuildingProcess.java:170) ~[hibernate-core-6.4.1.Final.jar:6.4.1.Final]
	at org.hibernate.boot.model.process.spi.MetadataBuildingProcess.build(MetadataBuildingProcess.java:129) ~[hibernate-core-6.4.1.Final.jar:6.4.1.Final]
	at org.hibernate.boot.internal.MetadataBuilderImpl.build(MetadataBuilderImpl.java:449) ~[hibernate-core-6.4.1.Final.jar:6.4.1.Final]
	at org.hibernate.boot.internal.MetadataBuilderImpl.build(MetadataBuilderImpl.java:101) ~[hibernate-core-6.4.1.Final.jar:6.4.1.Final]
	at org.hibernate.cfg.Configuration.buildSessionFactory(Configuration.java:910) ~[hibernate-core-6.4.1.Final.jar:6.4.1.Final]
	at org.hibernate.cfg.Configuration.buildSessionFactory(Configuration.java:960) ~[hibernate-core-6.4.1.Final.jar:6.4.1.Final]
	at com.javarush.nikolenko.config.SessionCreater.<init>(SessionCreater.java:13) ~[classes/:?]
	at com.javarush.nikolenko.lesson9Hibernate.SessionCreaterTest.getSession(SessionCreaterTest.java:13) ~[test-classes/:?]
	at java.base/jdk.internal.reflect.DirectMethodHandleAccessor.invoke(DirectMethodHandleAccessor.java:103) ~[?:?]
	at java.base/java.lang.reflect.Method.invoke(Method.java:580) ~[?:?]
	at org.junit.platform.commons.util.ReflectionUtils.invokeMethod(ReflectionUtils.java:728) ~[junit-platform-commons-1.10.1.jar:1.10.1]
	at org.junit.jupiter.engine.execution.MethodInvocation.proceed(MethodInvocation.java:60) ~[junit-jupiter-engine-5.10.1.jar:5.10.1]
	at org.junit.jupiter.engine.execution.InvocationInterceptorChain$ValidatingInvocation.proceed(InvocationInterceptorChain.java:131) ~[junit-jupiter-engine-5.10.1.jar:5.10.1]
	at org.junit.jupiter.engine.extension.TimeoutExtension.intercept(TimeoutExtension.java:156) ~[junit-jupiter-engine-5.10.1.jar:5.10.1]
	at org.junit.jupiter.engine.extension.TimeoutExtension.interceptTestableMethod(TimeoutExtension.java:147) ~[junit-jupiter-engine-5.10.1.jar:5.10.1]
	at org.junit.jupiter.engine.extension.TimeoutExtension.interceptTestMethod(TimeoutExtension.java:86) ~[junit-jupiter-engine-5.10.1.jar:5.10.1]
	at org.junit.jupiter.engine.execution.InterceptingExecutableInvoker$ReflectiveInterceptorCall.lambda$ofVoidMethod$0(InterceptingExecutableInvoker.java:103) ~[junit-jupiter-engine-5.10.1.jar:5.10.1]
	at org.junit.jupiter.engine.execution.InterceptingExecutableInvoker.lambda$invoke$0(InterceptingExecutableInvoker.java:93) ~[junit-jupiter-engine-5.10.1.jar:5.10.1]
	at org.junit.jupiter.engine.execution.InvocationInterceptorChain$InterceptedInvocation.proceed(InvocationInterceptorChain.java:106) ~[junit-jupiter-engine-5.10.1.jar:5.10.1]
	at org.junit.jupiter.engine.execution.InvocationInterceptorChain.proceed(InvocationInterceptorChain.java:64) ~[junit-jupiter-engine-5.10.1.jar:5.10.1]
	at org.junit.jupiter.engine.execution.InvocationInterceptorChain.chainAndInvoke(InvocationInterceptorChain.java:45) ~[junit-jupiter-engine-5.10.1.jar:5.10.1]
	at org.junit.jupiter.engine.execution.InvocationInterceptorChain.invoke(InvocationInterceptorChain.java:37) ~[junit-jupiter-engine-5.10.1.jar:5.10.1]
	at org.junit.jupiter.engine.execution.InterceptingExecutableInvoker.invoke(InterceptingExecutableInvoker.java:92) ~[junit-jupiter-engine-5.10.1.jar:5.10.1]
	at org.junit.jupiter.engine.execution.InterceptingExecutableInvoker.invoke(InterceptingExecutableInvoker.java:86) ~[junit-jupiter-engine-5.10.1.jar:5.10.1]
	at org.junit.jupiter.engine.descriptor.TestMethodTestDescriptor.lambda$invokeTestMethod$7(TestMethodTestDescriptor.java:218) ~[junit-jupiter-engine-5.10.1.jar:5.10.1]
	at org.junit.platform.engine.support.hierarchical.ThrowableCollector.execute(ThrowableCollector.java:73) ~[junit-platform-engine-1.10.1.jar:1.10.1]
	at org.junit.jupiter.engine.descriptor.TestMethodTestDescriptor.invokeTestMethod(TestMethodTestDescriptor.java:214) ~[junit-jupiter-engine-5.10.1.jar:5.10.1]
	at org.junit.jupiter.engine.descriptor.TestMethodTestDescriptor.execute(TestMethodTestDescriptor.java:139) ~[junit-jupiter-engine-5.10.1.jar:5.10.1]
	at org.junit.jupiter.engine.descriptor.TestMethodTestDescriptor.execute(TestMethodTestDescriptor.java:69) ~[junit-jupiter-engine-5.10.1.jar:5.10.1]
	at org.junit.platform.engine.support.hierarchical.NodeTestTask.lambda$executeRecursively$6(NodeTestTask.java:151) ~[junit-platform-engine-1.10.1.jar:1.10.1]
	at org.junit.platform.engine.support.hierarchical.ThrowableCollector.execute(ThrowableCollector.java:73) ~[junit-platform-engine-1.10.1.jar:1.10.1]
	at org.junit.platform.engine.support.hierarchical.NodeTestTask.lambda$executeRecursively$8(NodeTestTask.java:141) ~[junit-platform-engine-1.10.1.jar:1.10.1]
	at org.junit.platform.engine.support.hierarchical.Node.around(Node.java:137) ~[junit-platform-engine-1.10.1.jar:1.10.1]
	at org.junit.platform.engine.support.hierarchical.NodeTestTask.lambda$executeRecursively$9(NodeTestTask.java:139) ~[junit-platform-engine-1.10.1.jar:1.10.1]
	at org.junit.platform.engine.support.hierarchical.ThrowableCollector.execute(ThrowableCollector.java:73) ~[junit-platform-engine-1.10.1.jar:1.10.1]
	at org.junit.platform.engine.support.hierarchical.NodeTestTask.executeRecursively(NodeTestTask.java:138) ~[junit-platform-engine-1.10.1.jar:1.10.1]
	at org.junit.platform.engine.support.hierarchical.NodeTestTask.execute(NodeTestTask.java:95) ~[junit-platform-engine-1.10.1.jar:1.10.1]
	at java.base/java.util.ArrayList.forEach(ArrayList.java:1597) ~[?:?]
	at org.junit.platform.engine.support.hierarchical.SameThreadHierarchicalTestExecutorService.invokeAll(SameThreadHierarchicalTestExecutorService.java:41) ~[junit-platform-engine-1.10.1.jar:1.10.1]
	at org.junit.platform.engine.support.hierarchical.NodeTestTask.lambda$executeRecursively$6(NodeTestTask.java:155) ~[junit-platform-engine-1.10.1.jar:1.10.1]
	at org.junit.platform.engine.support.hierarchical.ThrowableCollector.execute(ThrowableCollector.java:73) ~[junit-platform-engine-1.10.1.jar:1.10.1]
	at org.junit.platform.engine.support.hierarchical.NodeTestTask.lambda$executeRecursively$8(NodeTestTask.java:141) ~[junit-platform-engine-1.10.1.jar:1.10.1]
	at org.junit.platform.engine.support.hierarchical.Node.around(Node.java:137) ~[junit-platform-engine-1.10.1.jar:1.10.1]
	at org.junit.platform.engine.support.hierarchical.NodeTestTask.lambda$executeRecursively$9(NodeTestTask.java:139) ~[junit-platform-engine-1.10.1.jar:1.10.1]
	at org.junit.platform.engine.support.hierarchical.ThrowableCollector.execute(ThrowableCollector.java:73) ~[junit-platform-engine-1.10.1.jar:1.10.1]
	at org.junit.platform.engine.support.hierarchical.NodeTestTask.executeRecursively(NodeTestTask.java:138) ~[junit-platform-engine-1.10.1.jar:1.10.1]
	at org.junit.platform.engine.support.hierarchical.NodeTestTask.execute(NodeTestTask.java:95) ~[junit-platform-engine-1.10.1.jar:1.10.1]
	at java.base/java.util.ArrayList.forEach(ArrayList.java:1597) ~[?:?]
	at org.junit.platform.engine.support.hierarchical.SameThreadHierarchicalTestExecutorService.invokeAll(SameThreadHierarchicalTestExecutorService.java:41) ~[junit-platform-engine-1.10.1.jar:1.10.1]
	at org.junit.platform.engine.support.hierarchical.NodeTestTask.lambda$executeRecursively$6(NodeTestTask.java:155) ~[junit-platform-engine-1.10.1.jar:1.10.1]
	at org.junit.platform.engine.support.hierarchical.ThrowableCollector.execute(ThrowableCollector.java:73) ~[junit-platform-engine-1.10.1.jar:1.10.1]
	at org.junit.platform.engine.support.hierarchical.NodeTestTask.lambda$executeRecursively$8(NodeTestTask.java:141) ~[junit-platform-engine-1.10.1.jar:1.10.1]
	at org.junit.platform.engine.support.hierarchical.Node.around(Node.java:137) ~[junit-platform-engine-1.10.1.jar:1.10.1]
	at org.junit.platform.engine.support.hierarchical.NodeTestTask.lambda$executeRecursively$9(NodeTestTask.java:139) ~[junit-platform-engine-1.10.1.jar:1.10.1]
	at org.junit.platform.engine.support.hierarchical.ThrowableCollector.execute(ThrowableCollector.java:73) ~[junit-platform-engine-1.10.1.jar:1.10.1]
	at org.junit.platform.engine.support.hierarchical.NodeTestTask.executeRecursively(NodeTestTask.java:138) ~[junit-platform-engine-1.10.1.jar:1.10.1]
	at org.junit.platform.engine.support.hierarchical.NodeTestTask.execute(NodeTestTask.java:95) ~[junit-platform-engine-1.10.1.jar:1.10.1]
	at org.junit.platform.engine.support.hierarchical.SameThreadHierarchicalTestExecutorService.submit(SameThreadHierarchicalTestExecutorService.java:35) ~[junit-platform-engine-1.10.1.jar:1.10.1]
	at org.junit.platform.engine.support.hierarchical.HierarchicalTestExecutor.execute(HierarchicalTestExecutor.java:57) ~[junit-platform-engine-1.10.1.jar:1.10.1]
	at org.junit.platform.engine.support.hierarchical.HierarchicalTestEngine.execute(HierarchicalTestEngine.java:54) ~[junit-platform-engine-1.10.1.jar:1.10.1]
	at org.junit.platform.launcher.core.EngineExecutionOrchestrator.execute(EngineExecutionOrchestrator.java:198) ~[junit-platform-launcher-1.10.1.jar:1.10.1]
	at org.junit.platform.launcher.core.EngineExecutionOrchestrator.execute(EngineExecutionOrchestrator.java:169) ~[junit-platform-launcher-1.10.1.jar:1.10.1]
	at org.junit.platform.launcher.core.EngineExecutionOrchestrator.execute(EngineExecutionOrchestrator.java:93) ~[junit-platform-launcher-1.10.1.jar:1.10.1]
	at org.junit.platform.launcher.core.EngineExecutionOrchestrator.lambda$execute$0(EngineExecutionOrchestrator.java:58) ~[junit-platform-launcher-1.10.1.jar:1.10.1]
	at org.junit.platform.launcher.core.EngineExecutionOrchestrator.withInterceptedStreams(EngineExecutionOrchestrator.java:141) [junit-platform-launcher-1.10.1.jar:1.10.1]
	at org.junit.platform.launcher.core.EngineExecutionOrchestrator.execute(EngineExecutionOrchestrator.java:57) [junit-platform-launcher-1.10.1.jar:1.10.1]
	at org.junit.platform.launcher.core.DefaultLauncher.execute(DefaultLauncher.java:103) [junit-platform-launcher-1.10.1.jar:1.10.1]
	at org.junit.platform.launcher.core.DefaultLauncher.execute(DefaultLauncher.java:85) [junit-platform-launcher-1.10.1.jar:1.10.1]
	at org.junit.platform.launcher.core.DelegatingLauncher.execute(DelegatingLauncher.java:47) [junit-platform-launcher-1.10.1.jar:1.10.1]
	at org.junit.platform.launcher.core.SessionPerRequestLauncher.execute(SessionPerRequestLauncher.java:63) [junit-platform-launcher-1.10.1.jar:1.10.1]
	at com.intellij.junit5.JUnit5IdeaTestRunner.startRunnerWithArgs(JUnit5IdeaTestRunner.java:57) [junit5-rt.jar:?]
	at com.intellij.rt.junit.IdeaTestRunner$Repeater$1.execute(IdeaTestRunner.java:38) [junit-rt.jar:?]
	at com.intellij.rt.execution.junit.TestsRepeater.repeat(TestsRepeater.java:11) [idea_rt.jar:?]
	at com.intellij.rt.junit.IdeaTestRunner$Repeater.startRunnerWithArgs(IdeaTestRunner.java:35) [junit-rt.jar:?]
	at com.intellij.rt.junit.JUnitStarter.prepareStreamsAndStart(JUnitStarter.java:232) [junit-rt.jar:?]
	at com.intellij.rt.junit.JUnitStarter.main(JUnitStarter.java:55) [junit-rt.jar:?]
2024-05-25 22:27:32,640 DEBUG BootstrapServiceRegistryImpl: Implicitly destroying Boot-strap registry on de-registration of all child ServiceRegistries
