2024-05-26 18:24:59,713 DEBUG logging: Logging Provider: org.jboss.logging.Log4j2LoggerProvider
2024-05-26 18:24:59,946 DEBUG IntegratorServiceImpl: Adding Integrator [org.hibernate.boot.beanvalidation.BeanValidationIntegrator].
2024-05-26 18:25:00,030 DEBUG IntegratorServiceImpl: Adding Integrator [org.hibernate.cache.internal.CollectionCacheInvalidator].
2024-05-26 18:25:00,954 INFO Version: HHH000412: Hibernate ORM core version 6.4.1.Final
2024-05-26 18:25:00,957 DEBUG Environment: HHH000206: 'hibernate.properties' not found
2024-05-26 18:25:03,062 DEBUG LocalXmlResourceResolver: Checking public/system identifiers `-//Hibernate/Hibernate Configuration DTD//EN`/`http://www.hibernate.org/dtd/hibernate-configuration-3.0.dtd` as DTD references
2024-05-26 18:25:03,389 DEBUG JaxbCfgProcessor: cfg.xml document did not define namespaces; wrapping in custom event reader to introduce namespace information
2024-05-26 18:25:06,028 DEBUG Configuration: Building session factory using internal StandardServiceRegistryBuilder
2024-05-26 18:25:06,062 DEBUG Configuration: Building session factory using provided StandardServiceRegistry
2024-05-26 18:25:06,193 DEBUG factory: Ignoring CDI for resolving IdentifierGenerator instances as extended or delayed CDI support was enabled
2024-05-26 18:25:06,280 DEBUG factory: Registering IdentifierGenerator strategy [uuid2] -> [org.hibernate.id.UUIDGenerator]
2024-05-26 18:25:06,280 DEBUG factory: Registering IdentifierGenerator strategy [guid] -> [org.hibernate.id.GUIDGenerator]
2024-05-26 18:25:06,281 DEBUG factory: Registering IdentifierGenerator strategy [uuid] -> [org.hibernate.id.UUIDHexGenerator]
2024-05-26 18:25:06,281 DEBUG factory: Registering IdentifierGenerator strategy [uuid.hex] -> [org.hibernate.id.UUIDHexGenerator]
2024-05-26 18:25:06,281 DEBUG factory: Registering IdentifierGenerator strategy [assigned] -> [org.hibernate.id.Assigned]
2024-05-26 18:25:06,283 DEBUG factory: Registering IdentifierGenerator strategy [identity] -> [org.hibernate.id.IdentityGenerator]
2024-05-26 18:25:06,283 DEBUG factory: Registering IdentifierGenerator strategy [select] -> [org.hibernate.id.SelectGenerator]
2024-05-26 18:25:06,284 DEBUG factory: Registering IdentifierGenerator strategy [sequence] -> [org.hibernate.id.enhanced.SequenceStyleGenerator]
2024-05-26 18:25:06,285 DEBUG factory: Registering IdentifierGenerator strategy [increment] -> [org.hibernate.id.IncrementGenerator]
2024-05-26 18:25:06,285 DEBUG factory: Registering IdentifierGenerator strategy [foreign] -> [org.hibernate.id.ForeignGenerator]
2024-05-26 18:25:06,285 DEBUG factory: Registering IdentifierGenerator strategy [enhanced-sequence] -> [org.hibernate.id.enhanced.SequenceStyleGenerator]
2024-05-26 18:25:06,286 DEBUG factory: Registering IdentifierGenerator strategy [enhanced-table] -> [org.hibernate.id.enhanced.TableGenerator]
2024-05-26 18:25:06,395 DEBUG RegionFactoryInitiator: Cannot default RegionFactory based on registered strategies as `[]` RegionFactory strategies were registered
2024-05-26 18:25:06,428 INFO RegionFactoryInitiator: HHH000026: Second-level cache disabled
2024-05-26 18:25:07,378 DEBUG BasicTypeRegistry: Adding type registration boolean -> org.hibernate.type.BasicTypeReference@22d9c961
2024-05-26 18:25:07,378 DEBUG BasicTypeRegistry: Adding type registration boolean -> org.hibernate.type.BasicTypeReference@22d9c961
2024-05-26 18:25:07,378 DEBUG BasicTypeRegistry: Adding type registration java.lang.Boolean -> org.hibernate.type.BasicTypeReference@22d9c961
2024-05-26 18:25:07,378 DEBUG BasicTypeRegistry: Adding type registration numeric_boolean -> org.hibernate.type.BasicTypeReference@736f3e9e
2024-05-26 18:25:07,378 DEBUG BasicTypeRegistry: Adding type registration org.hibernate.type.NumericBooleanConverter -> org.hibernate.type.BasicTypeReference@736f3e9e
2024-05-26 18:25:07,378 DEBUG BasicTypeRegistry: Adding type registration true_false -> org.hibernate.type.BasicTypeReference@bdc8014
2024-05-26 18:25:07,378 DEBUG BasicTypeRegistry: Adding type registration org.hibernate.type.TrueFalseConverter -> org.hibernate.type.BasicTypeReference@bdc8014
2024-05-26 18:25:07,378 DEBUG BasicTypeRegistry: Adding type registration yes_no -> org.hibernate.type.BasicTypeReference@1f443fae
2024-05-26 18:25:07,378 DEBUG BasicTypeRegistry: Adding type registration org.hibernate.type.YesNoConverter -> org.hibernate.type.BasicTypeReference@1f443fae
2024-05-26 18:25:07,378 DEBUG BasicTypeRegistry: Adding type registration byte -> org.hibernate.type.BasicTypeReference@73ba6fe6
2024-05-26 18:25:07,378 DEBUG BasicTypeRegistry: Adding type registration byte -> org.hibernate.type.BasicTypeReference@73ba6fe6
2024-05-26 18:25:07,378 DEBUG BasicTypeRegistry: Adding type registration java.lang.Byte -> org.hibernate.type.BasicTypeReference@73ba6fe6
2024-05-26 18:25:07,378 DEBUG BasicTypeRegistry: Adding type registration binary -> org.hibernate.type.BasicTypeReference@79ab34c1
2024-05-26 18:25:07,378 DEBUG BasicTypeRegistry: Adding type registration byte[] -> org.hibernate.type.BasicTypeReference@79ab34c1
2024-05-26 18:25:07,378 DEBUG BasicTypeRegistry: Adding type registration [B -> org.hibernate.type.BasicTypeReference@79ab34c1
2024-05-26 18:25:07,378 DEBUG BasicTypeRegistry: Adding type registration binary_wrapper -> org.hibernate.type.BasicTypeReference@1698d7c0
2024-05-26 18:25:07,378 DEBUG BasicTypeRegistry: Adding type registration wrapper-binary -> org.hibernate.type.BasicTypeReference@1698d7c0
2024-05-26 18:25:07,378 DEBUG BasicTypeRegistry: Adding type registration image -> org.hibernate.type.BasicTypeReference@281f23f2
2024-05-26 18:25:07,378 DEBUG BasicTypeRegistry: Adding type registration blob -> org.hibernate.type.BasicTypeReference@87abc48
2024-05-26 18:25:07,378 DEBUG BasicTypeRegistry: Adding type registration java.sql.Blob -> org.hibernate.type.BasicTypeReference@87abc48
2024-05-26 18:25:07,378 DEBUG BasicTypeRegistry: Adding type registration materialized_blob -> org.hibernate.type.BasicTypeReference@28d79cba
2024-05-26 18:25:07,378 DEBUG BasicTypeRegistry: Adding type registration materialized_blob_wrapper -> org.hibernate.type.BasicTypeReference@782168b7
2024-05-26 18:25:07,378 DEBUG BasicTypeRegistry: Adding type registration short -> org.hibernate.type.BasicTypeReference@29f0c4f2
2024-05-26 18:25:07,378 DEBUG BasicTypeRegistry: Adding type registration short -> org.hibernate.type.BasicTypeReference@29f0c4f2
2024-05-26 18:25:07,378 DEBUG BasicTypeRegistry: Adding type registration java.lang.Short -> org.hibernate.type.BasicTypeReference@29f0c4f2
2024-05-26 18:25:07,378 DEBUG BasicTypeRegistry: Adding type registration integer -> org.hibernate.type.BasicTypeReference@7435a578
2024-05-26 18:25:07,378 DEBUG BasicTypeRegistry: Adding type registration int -> org.hibernate.type.BasicTypeReference@7435a578
2024-05-26 18:25:07,378 DEBUG BasicTypeRegistry: Adding type registration java.lang.Integer -> org.hibernate.type.BasicTypeReference@7435a578
2024-05-26 18:25:07,378 DEBUG BasicTypeRegistry: Adding type registration long -> org.hibernate.type.BasicTypeReference@6093d508
2024-05-26 18:25:07,378 DEBUG BasicTypeRegistry: Adding type registration long -> org.hibernate.type.BasicTypeReference@6093d508
2024-05-26 18:25:07,378 DEBUG BasicTypeRegistry: Adding type registration java.lang.Long -> org.hibernate.type.BasicTypeReference@6093d508
2024-05-26 18:25:07,378 DEBUG BasicTypeRegistry: Adding type registration float -> org.hibernate.type.BasicTypeReference@13047d7d
2024-05-26 18:25:07,378 DEBUG BasicTypeRegistry: Adding type registration float -> org.hibernate.type.BasicTypeReference@13047d7d
2024-05-26 18:25:07,378 DEBUG BasicTypeRegistry: Adding type registration java.lang.Float -> org.hibernate.type.BasicTypeReference@13047d7d
2024-05-26 18:25:07,378 DEBUG BasicTypeRegistry: Adding type registration double -> org.hibernate.type.BasicTypeReference@3c7cfcbb
2024-05-26 18:25:07,378 DEBUG BasicTypeRegistry: Adding type registration double -> org.hibernate.type.BasicTypeReference@3c7cfcbb
2024-05-26 18:25:07,378 DEBUG BasicTypeRegistry: Adding type registration java.lang.Double -> org.hibernate.type.BasicTypeReference@3c7cfcbb
2024-05-26 18:25:07,378 DEBUG BasicTypeRegistry: Adding type registration big_integer -> org.hibernate.type.BasicTypeReference@65bb9029
2024-05-26 18:25:07,378 DEBUG BasicTypeRegistry: Adding type registration java.math.BigInteger -> org.hibernate.type.BasicTypeReference@65bb9029
2024-05-26 18:25:07,378 DEBUG BasicTypeRegistry: Adding type registration big_decimal -> org.hibernate.type.BasicTypeReference@1bfe3203
2024-05-26 18:25:07,378 DEBUG BasicTypeRegistry: Adding type registration java.math.BigDecimal -> org.hibernate.type.BasicTypeReference@1bfe3203
2024-05-26 18:25:07,378 DEBUG BasicTypeRegistry: Adding type registration character -> org.hibernate.type.BasicTypeReference@2b214b94
2024-05-26 18:25:07,378 DEBUG BasicTypeRegistry: Adding type registration char -> org.hibernate.type.BasicTypeReference@2b214b94
2024-05-26 18:25:07,378 DEBUG BasicTypeRegistry: Adding type registration java.lang.Character -> org.hibernate.type.BasicTypeReference@2b214b94
2024-05-26 18:25:07,378 DEBUG BasicTypeRegistry: Adding type registration character_nchar -> org.hibernate.type.BasicTypeReference@70e3f36f
2024-05-26 18:25:07,378 DEBUG BasicTypeRegistry: Adding type registration string -> org.hibernate.type.BasicTypeReference@49601f82
2024-05-26 18:25:07,378 DEBUG BasicTypeRegistry: Adding type registration java.lang.String -> org.hibernate.type.BasicTypeReference@49601f82
2024-05-26 18:25:07,378 DEBUG BasicTypeRegistry: Adding type registration nstring -> org.hibernate.type.BasicTypeReference@23e44287
2024-05-26 18:25:07,378 DEBUG BasicTypeRegistry: Adding type registration characters -> org.hibernate.type.BasicTypeReference@2b8d084
2024-05-26 18:25:07,378 DEBUG BasicTypeRegistry: Adding type registration char[] -> org.hibernate.type.BasicTypeReference@2b8d084
2024-05-26 18:25:07,378 DEBUG BasicTypeRegistry: Adding type registration [C -> org.hibernate.type.BasicTypeReference@2b8d084
2024-05-26 18:25:07,378 DEBUG BasicTypeRegistry: Adding type registration wrapper-characters -> org.hibernate.type.BasicTypeReference@6daf2337
2024-05-26 18:25:07,378 DEBUG BasicTypeRegistry: Adding type registration text -> org.hibernate.type.BasicTypeReference@24fabd0f
2024-05-26 18:25:07,378 DEBUG BasicTypeRegistry: Adding type registration ntext -> org.hibernate.type.BasicTypeReference@250b236d
2024-05-26 18:25:07,378 DEBUG BasicTypeRegistry: Adding type registration clob -> org.hibernate.type.BasicTypeReference@61f3fbb8
2024-05-26 18:25:07,378 DEBUG BasicTypeRegistry: Adding type registration java.sql.Clob -> org.hibernate.type.BasicTypeReference@61f3fbb8
2024-05-26 18:25:07,378 DEBUG BasicTypeRegistry: Adding type registration nclob -> org.hibernate.type.BasicTypeReference@7551da2a
2024-05-26 18:25:07,378 DEBUG BasicTypeRegistry: Adding type registration java.sql.NClob -> org.hibernate.type.BasicTypeReference@7551da2a
2024-05-26 18:25:07,378 DEBUG BasicTypeRegistry: Adding type registration materialized_clob -> org.hibernate.type.BasicTypeReference@432034a
2024-05-26 18:25:07,378 DEBUG BasicTypeRegistry: Adding type registration materialized_clob_char_array -> org.hibernate.type.BasicTypeReference@78de58ea
2024-05-26 18:25:07,378 DEBUG BasicTypeRegistry: Adding type registration materialized_clob_character_array -> org.hibernate.type.BasicTypeReference@60e5272
2024-05-26 18:25:07,378 DEBUG BasicTypeRegistry: Adding type registration materialized_nclob -> org.hibernate.type.BasicTypeReference@7d755813
2024-05-26 18:25:07,378 DEBUG BasicTypeRegistry: Adding type registration materialized_nclob_character_array -> org.hibernate.type.BasicTypeReference@69c93ca4
2024-05-26 18:25:07,378 DEBUG BasicTypeRegistry: Adding type registration materialized_nclob_char_array -> org.hibernate.type.BasicTypeReference@63da207f
2024-05-26 18:25:07,378 DEBUG BasicTypeRegistry: Adding type registration Duration -> org.hibernate.type.BasicTypeReference@173373b4
2024-05-26 18:25:07,378 DEBUG BasicTypeRegistry: Adding type registration java.time.Duration -> org.hibernate.type.BasicTypeReference@173373b4
2024-05-26 18:25:07,378 DEBUG BasicTypeRegistry: Adding type registration LocalDateTime -> org.hibernate.type.BasicTypeReference@40d10481
2024-05-26 18:25:07,378 DEBUG BasicTypeRegistry: Adding type registration java.time.LocalDateTime -> org.hibernate.type.BasicTypeReference@40d10481
2024-05-26 18:25:07,378 DEBUG BasicTypeRegistry: Adding type registration LocalDate -> org.hibernate.type.BasicTypeReference@60dd3c23
2024-05-26 18:25:07,378 DEBUG BasicTypeRegistry: Adding type registration java.time.LocalDate -> org.hibernate.type.BasicTypeReference@60dd3c23
2024-05-26 18:25:07,378 DEBUG BasicTypeRegistry: Adding type registration LocalTime -> org.hibernate.type.BasicTypeReference@52b6319f
2024-05-26 18:25:07,378 DEBUG BasicTypeRegistry: Adding type registration java.time.LocalTime -> org.hibernate.type.BasicTypeReference@52b6319f
2024-05-26 18:25:07,378 DEBUG BasicTypeRegistry: Adding type registration OffsetDateTime -> org.hibernate.type.BasicTypeReference@5e9456ae
2024-05-26 18:25:07,378 DEBUG BasicTypeRegistry: Adding type registration java.time.OffsetDateTime -> org.hibernate.type.BasicTypeReference@5e9456ae
2024-05-26 18:25:07,378 DEBUG BasicTypeRegistry: Adding type registration OffsetDateTimeWithTimezone -> org.hibernate.type.BasicTypeReference@16a9a4f1
2024-05-26 18:25:07,378 DEBUG BasicTypeRegistry: Adding type registration OffsetDateTimeWithoutTimezone -> org.hibernate.type.BasicTypeReference@1f1cae23
2024-05-26 18:25:07,378 DEBUG BasicTypeRegistry: Adding type registration OffsetTime -> org.hibernate.type.BasicTypeReference@7c455e96
2024-05-26 18:25:07,378 DEBUG BasicTypeRegistry: Adding type registration java.time.OffsetTime -> org.hibernate.type.BasicTypeReference@7c455e96
2024-05-26 18:25:07,378 DEBUG BasicTypeRegistry: Adding type registration OffsetTimeUtc -> org.hibernate.type.BasicTypeReference@985696
2024-05-26 18:25:07,378 DEBUG BasicTypeRegistry: Adding type registration OffsetTimeWithTimezone -> org.hibernate.type.BasicTypeReference@5bcde458
2024-05-26 18:25:07,378 DEBUG BasicTypeRegistry: Adding type registration OffsetTimeWithoutTimezone -> org.hibernate.type.BasicTypeReference@215a34b4
2024-05-26 18:25:07,394 DEBUG BasicTypeRegistry: Adding type registration ZonedDateTime -> org.hibernate.type.BasicTypeReference@77bd7fe7
2024-05-26 18:25:07,394 DEBUG BasicTypeRegistry: Adding type registration java.time.ZonedDateTime -> org.hibernate.type.BasicTypeReference@77bd7fe7
2024-05-26 18:25:07,394 DEBUG BasicTypeRegistry: Adding type registration ZonedDateTimeWithTimezone -> org.hibernate.type.BasicTypeReference@35d3ab60
2024-05-26 18:25:07,394 DEBUG BasicTypeRegistry: Adding type registration ZonedDateTimeWithoutTimezone -> org.hibernate.type.BasicTypeReference@10876a6
2024-05-26 18:25:07,394 DEBUG BasicTypeRegistry: Adding type registration date -> org.hibernate.type.BasicTypeReference@71870da7
2024-05-26 18:25:07,394 DEBUG BasicTypeRegistry: Adding type registration java.sql.Date -> org.hibernate.type.BasicTypeReference@71870da7
2024-05-26 18:25:07,394 DEBUG BasicTypeRegistry: Adding type registration time -> org.hibernate.type.BasicTypeReference@6dd91637
2024-05-26 18:25:07,394 DEBUG BasicTypeRegistry: Adding type registration java.sql.Time -> org.hibernate.type.BasicTypeReference@6dd91637
2024-05-26 18:25:07,394 DEBUG BasicTypeRegistry: Adding type registration timestamp -> org.hibernate.type.BasicTypeReference@45792847
2024-05-26 18:25:07,395 DEBUG BasicTypeRegistry: Adding type registration java.sql.Timestamp -> org.hibernate.type.BasicTypeReference@45792847
2024-05-26 18:25:07,395 DEBUG BasicTypeRegistry: Adding type registration java.util.Date -> org.hibernate.type.BasicTypeReference@45792847
2024-05-26 18:25:07,395 DEBUG BasicTypeRegistry: Adding type registration calendar -> org.hibernate.type.BasicTypeReference@706cb08
2024-05-26 18:25:07,395 DEBUG BasicTypeRegistry: Adding type registration java.util.Calendar -> org.hibernate.type.BasicTypeReference@706cb08
2024-05-26 18:25:07,395 DEBUG BasicTypeRegistry: Adding type registration java.util.GregorianCalendar -> org.hibernate.type.BasicTypeReference@706cb08
2024-05-26 18:25:07,395 DEBUG BasicTypeRegistry: Adding type registration calendar_date -> org.hibernate.type.BasicTypeReference@4e25147a
2024-05-26 18:25:07,395 DEBUG BasicTypeRegistry: Adding type registration calendar_time -> org.hibernate.type.BasicTypeReference@6b68cb27
2024-05-26 18:25:07,395 DEBUG BasicTypeRegistry: Adding type registration instant -> org.hibernate.type.BasicTypeReference@675ffd1d
2024-05-26 18:25:07,395 DEBUG BasicTypeRegistry: Adding type registration java.time.Instant -> org.hibernate.type.BasicTypeReference@675ffd1d
2024-05-26 18:25:07,395 DEBUG BasicTypeRegistry: Adding type registration uuid -> org.hibernate.type.BasicTypeReference@56303475
2024-05-26 18:25:07,395 DEBUG BasicTypeRegistry: Adding type registration java.util.UUID -> org.hibernate.type.BasicTypeReference@56303475
2024-05-26 18:25:07,395 DEBUG BasicTypeRegistry: Adding type registration pg-uuid -> org.hibernate.type.BasicTypeReference@56303475
2024-05-26 18:25:07,395 DEBUG BasicTypeRegistry: Adding type registration uuid-binary -> org.hibernate.type.BasicTypeReference@30506c0d
2024-05-26 18:25:07,395 DEBUG BasicTypeRegistry: Adding type registration uuid-char -> org.hibernate.type.BasicTypeReference@1dcca8d3
2024-05-26 18:25:07,395 DEBUG BasicTypeRegistry: Adding type registration class -> org.hibernate.type.BasicTypeReference@5631962
2024-05-26 18:25:07,395 DEBUG BasicTypeRegistry: Adding type registration java.lang.Class -> org.hibernate.type.BasicTypeReference@5631962
2024-05-26 18:25:07,395 DEBUG BasicTypeRegistry: Adding type registration currency -> org.hibernate.type.BasicTypeReference@52a70627
2024-05-26 18:25:07,395 DEBUG BasicTypeRegistry: Adding type registration Currency -> org.hibernate.type.BasicTypeReference@52a70627
2024-05-26 18:25:07,395 DEBUG BasicTypeRegistry: Adding type registration java.util.Currency -> org.hibernate.type.BasicTypeReference@52a70627
2024-05-26 18:25:07,395 DEBUG BasicTypeRegistry: Adding type registration locale -> org.hibernate.type.BasicTypeReference@6124287a
2024-05-26 18:25:07,395 DEBUG BasicTypeRegistry: Adding type registration java.util.Locale -> org.hibernate.type.BasicTypeReference@6124287a
2024-05-26 18:25:07,395 DEBUG BasicTypeRegistry: Adding type registration serializable -> org.hibernate.type.BasicTypeReference@19569ebd
2024-05-26 18:25:07,395 DEBUG BasicTypeRegistry: Adding type registration java.io.Serializable -> org.hibernate.type.BasicTypeReference@19569ebd
2024-05-26 18:25:07,395 DEBUG BasicTypeRegistry: Adding type registration timezone -> org.hibernate.type.BasicTypeReference@4632cfc
2024-05-26 18:25:07,395 DEBUG BasicTypeRegistry: Adding type registration java.util.TimeZone -> org.hibernate.type.BasicTypeReference@4632cfc
2024-05-26 18:25:07,395 DEBUG BasicTypeRegistry: Adding type registration ZoneOffset -> org.hibernate.type.BasicTypeReference@6e1f8469
2024-05-26 18:25:07,395 DEBUG BasicTypeRegistry: Adding type registration java.time.ZoneOffset -> org.hibernate.type.BasicTypeReference@6e1f8469
2024-05-26 18:25:07,395 DEBUG BasicTypeRegistry: Adding type registration url -> org.hibernate.type.BasicTypeReference@2e380628
2024-05-26 18:25:07,395 DEBUG BasicTypeRegistry: Adding type registration java.net.URL -> org.hibernate.type.BasicTypeReference@2e380628
2024-05-26 18:25:07,395 DEBUG BasicTypeRegistry: Adding type registration vector -> org.hibernate.type.BasicTypeReference@3b6c624
2024-05-26 18:25:07,395 DEBUG BasicTypeRegistry: Adding type registration row_version -> org.hibernate.type.BasicTypeReference@1eaf1e62
2024-05-26 18:25:07,395 DEBUG BasicTypeRegistry: Adding type registration object -> org.hibernate.type.JavaObjectType@65ae095c
2024-05-26 18:25:07,395 DEBUG BasicTypeRegistry: Adding type registration java.lang.Object -> org.hibernate.type.JavaObjectType@65ae095c
2024-05-26 18:25:07,395 DEBUG BasicTypeRegistry: Adding type registration null -> org.hibernate.type.NullType@769d513
2024-05-26 18:25:07,395 DEBUG BasicTypeRegistry: Adding type registration imm_date -> org.hibernate.type.BasicTypeReference@5e4fa1da
2024-05-26 18:25:07,395 DEBUG BasicTypeRegistry: Adding type registration imm_time -> org.hibernate.type.BasicTypeReference@588cd519
2024-05-26 18:25:07,395 DEBUG BasicTypeRegistry: Adding type registration imm_timestamp -> org.hibernate.type.BasicTypeReference@3f92c349
2024-05-26 18:25:07,395 DEBUG BasicTypeRegistry: Adding type registration imm_calendar -> org.hibernate.type.BasicTypeReference@769a58e5
2024-05-26 18:25:07,395 DEBUG BasicTypeRegistry: Adding type registration imm_calendar_date -> org.hibernate.type.BasicTypeReference@55f8669d
2024-05-26 18:25:07,395 DEBUG BasicTypeRegistry: Adding type registration imm_calendar_time -> org.hibernate.type.BasicTypeReference@6be25526
2024-05-26 18:25:07,395 DEBUG BasicTypeRegistry: Adding type registration imm_binary -> org.hibernate.type.BasicTypeReference@42435b98
2024-05-26 18:25:07,395 DEBUG BasicTypeRegistry: Adding type registration imm_serializable -> org.hibernate.type.BasicTypeReference@66ba7e45
2024-05-26 18:25:07,512 WARN pooling: HHH10001002: Using built-in connection pool (not intended for production use)
2024-05-26 18:25:07,596 INFO pooling: HHH10001005: Loaded JDBC driver class: org.postgresql.Driver
2024-05-26 18:25:07,596 INFO pooling: HHH10001012: Connecting with JDBC URL [jdbc:postgresql://localhost:5432/game]
2024-05-26 18:25:07,596 INFO pooling: HHH10001001: Connection properties: {password=postgres, user=postgres}
2024-05-26 18:25:07,596 INFO pooling: HHH10001003: Autocommit mode: false
2024-05-26 18:25:07,662 DEBUG pooling: Initializing Connection pool with 1 Connections
2024-05-26 18:25:07,662 INFO pooling: HHH10001115: Connection pool size: 20 (min=1)
2024-05-26 18:25:08,511 DEBUG JdbcEnvironmentInitiator: Database ->
       name : PostgreSQL
    version : 16.2 (Debian 16.2-1.pgdg120+2)
      major : 16
      minor : 2
2024-05-26 18:25:08,511 DEBUG JdbcEnvironmentInitiator: Driver ->
       name : PostgreSQL JDBC Driver
    version : 42.6.0
      major : 42
      minor : 6
2024-05-26 18:25:08,512 DEBUG JdbcEnvironmentInitiator: JDBC version : 4.2
2024-05-26 18:25:10,045 DEBUG dialect: HHH035001: Using dialect: org.hibernate.dialect.PostgreSQLDialect, version: 16.2
2024-05-26 18:25:10,281 DEBUG IdentifierHelperBuilder: JDBC driver metadata reported database stores quoted identifiers in neither upper, lower nor mixed case
2024-05-26 18:25:10,428 DEBUG lob: HHH10010004: Disabling contextual LOB creation as Dialect reported it is not supported
2024-05-26 18:25:10,479 DEBUG DdlTypeRegistry: addDescriptor(2003, org.hibernate.type.descriptor.sql.internal.ArrayDdlTypeImpl@34b27915) replaced previous registration(org.hibernate.type.descriptor.sql.internal.ArrayDdlTypeImpl@29eda4f8)
2024-05-26 18:25:10,479 DEBUG DdlTypeRegistry: addDescriptor(6, org.hibernate.type.descriptor.sql.internal.CapacityDependentDdlType@1b9776f5) replaced previous registration(org.hibernate.type.descriptor.sql.internal.DdlTypeImpl@5e048149)
2024-05-26 18:25:10,479 DEBUG JdbcTypeRegistry: addDescriptor(2004, BlobTypeDescriptor(BLOB_BINDING)) replaced previous registration(BlobTypeDescriptor(DEFAULT))
2024-05-26 18:25:10,479 DEBUG JdbcTypeRegistry: addDescriptor(2005, ClobTypeDescriptor(CLOB_BINDING)) replaced previous registration(ClobTypeDescriptor(DEFAULT))
2024-05-26 18:25:10,562 DEBUG BasicTypeRegistry: Adding type registration JAVA_OBJECT -> org.hibernate.type.JavaObjectType@282ffbf5
2024-05-26 18:25:10,562 DEBUG BasicTypeRegistry: Adding type registration java.lang.Object -> org.hibernate.type.JavaObjectType@282ffbf5
2024-05-26 18:25:10,562 DEBUG BasicTypeRegistry: Type registration key [java.lang.Object] overrode previous entry : `org.hibernate.type.JavaObjectType@65ae095c`
2024-05-26 18:25:10,578 DEBUG BasicTypeRegistry: Adding type registration org.hibernate.type.DurationType -> basicType@1(java.time.Duration,2)
2024-05-26 18:25:10,578 DEBUG BasicTypeRegistry: Adding type registration Duration -> basicType@1(java.time.Duration,2)
2024-05-26 18:25:10,578 DEBUG BasicTypeRegistry: Adding type registration java.time.Duration -> basicType@1(java.time.Duration,2)
2024-05-26 18:25:10,578 DEBUG BasicTypeRegistry: Adding type registration org.hibernate.type.OffsetDateTimeType -> basicType@2(java.time.OffsetDateTime,3003)
2024-05-26 18:25:10,594 DEBUG BasicTypeRegistry: Adding type registration OffsetDateTime -> basicType@2(java.time.OffsetDateTime,3003)
2024-05-26 18:25:10,594 DEBUG BasicTypeRegistry: Adding type registration java.time.OffsetDateTime -> basicType@2(java.time.OffsetDateTime,3003)
2024-05-26 18:25:10,595 DEBUG BasicTypeRegistry: Adding type registration org.hibernate.type.ZonedDateTimeType -> basicType@3(java.time.ZonedDateTime,3003)
2024-05-26 18:25:10,595 DEBUG BasicTypeRegistry: Adding type registration ZonedDateTime -> basicType@3(java.time.ZonedDateTime,3003)
2024-05-26 18:25:10,595 DEBUG BasicTypeRegistry: Adding type registration java.time.ZonedDateTime -> basicType@3(java.time.ZonedDateTime,3003)
2024-05-26 18:25:10,595 DEBUG BasicTypeRegistry: Adding type registration org.hibernate.type.OffsetTimeType -> basicType@4(java.time.OffsetTime,3007)
2024-05-26 18:25:10,595 DEBUG BasicTypeRegistry: Adding type registration OffsetTime -> basicType@4(java.time.OffsetTime,3007)
2024-05-26 18:25:10,595 DEBUG BasicTypeRegistry: Adding type registration java.time.OffsetTime -> basicType@4(java.time.OffsetTime,3007)
2024-05-26 18:25:10,595 DEBUG TypeConfiguration$Scope: Scoping TypeConfiguration [org.hibernate.type.spi.TypeConfiguration@72825400] to MetadataBuildingContext [org.hibernate.boot.internal.MetadataBuildingContextRootImpl@19ee1ae6]
2024-05-26 18:25:10,875 DEBUG Namespace: Created database namespace [logicalName=Name{catalog=null, schema=null}, physicalName=Name{catalog=null, schema=null}]
2024-05-26 18:25:11,196 DEBUG BytecodeProviderInitiator: HHH000021: Bytecode provider: bytebuddy
2024-05-26 18:25:12,061 DEBUG SessionFactoryImpl: Building session factory
2024-05-26 18:25:12,295 DEBUG SessionFactoryServiceRegistryImpl: EventListenerRegistry access via ServiceRegistry is deprecated.  Use `sessionFactory.getEventEngine().getListenerRegistry()` instead
2024-05-26 18:25:12,295 DEBUG SessionFactoryImpl: Instantiating SessionFactory with settings: {hibernate.format_sql=true, java.specification.version=22, sun.cpu.isalist=amd64, sun.jnu.encoding=Cp1251, java.class.path=C:\Users\Ольга\.m2\repository\org\junit\platform\junit-platform-launcher\1.10.1\junit-platform-launcher-1.10.1.jar;C:\Program Files\JetBrains\IntelliJ IDEA 2024.1.1\lib\idea_rt.jar;C:\Program Files\JetBrains\IntelliJ IDEA 2024.1.1\plugins\junit\lib\junit5-rt.jar;C:\Program Files\JetBrains\IntelliJ IDEA 2024.1.1\plugins\junit\lib\junit-rt.jar;O:\IdeaProjects\JavaRush\smallProjects\ProjectAcdc\target\test-classes;O:\IdeaProjects\JavaRush\smallProjects\ProjectAcdc\target\classes;C:\Users\Ольга\.m2\repository\org\junit\jupiter\junit-jupiter\5.10.1\junit-jupiter-5.10.1.jar;C:\Users\Ольга\.m2\repository\org\junit\jupiter\junit-jupiter-api\5.10.1\junit-jupiter-api-5.10.1.jar;C:\Users\Ольга\.m2\repository\org\opentest4j\opentest4j\1.3.0\opentest4j-1.3.0.jar;C:\Users\Ольга\.m2\repository\org\junit\platform\junit-platform-commons\1.10.1\junit-platform-commons-1.10.1.jar;C:\Users\Ольга\.m2\repository\org\apiguardian\apiguardian-api\1.1.2\apiguardian-api-1.1.2.jar;C:\Users\Ольга\.m2\repository\org\junit\jupiter\junit-jupiter-params\5.10.1\junit-jupiter-params-5.10.1.jar;C:\Users\Ольга\.m2\repository\org\junit\jupiter\junit-jupiter-engine\5.10.1\junit-jupiter-engine-5.10.1.jar;C:\Users\Ольга\.m2\repository\org\junit\platform\junit-platform-engine\1.10.1\junit-platform-engine-1.10.1.jar;C:\Users\Ольга\.m2\repository\org\projectlombok\lombok\1.18.30\lombok-1.18.30.jar;C:\Users\Ольга\.m2\repository\jakarta\servlet\jakarta.servlet-api\6.0.0\jakarta.servlet-api-6.0.0.jar;C:\Users\Ольга\.m2\repository\jakarta\servlet\jsp\jstl\jakarta.servlet.jsp.jstl-api\3.0.0\jakarta.servlet.jsp.jstl-api-3.0.0.jar;C:\Users\Ольга\.m2\repository\jakarta\el\jakarta.el-api\5.0.0\jakarta.el-api-5.0.0.jar;C:\Users\Ольга\.m2\repository\org\glassfish\web\jakarta.servlet.jsp.jstl\3.0.1\jakarta.servlet.jsp.jstl-3.0.1.jar;C:\Users\Ольга\.m2\repository\org\apache\commons\commons-lang3\3.13.0\commons-lang3-3.13.0.jar;C:\Users\Ольга\.m2\repository\org\apache\logging\log4j\log4j-api\2.21.1\log4j-api-2.21.1.jar;C:\Users\Ольга\.m2\repository\org\apache\logging\log4j\log4j-core\2.21.1\log4j-core-2.21.1.jar;C:\Users\Ольга\.m2\repository\org\apache\logging\log4j\log4j-slf4j2-impl\2.21.1\log4j-slf4j2-impl-2.21.1.jar;C:\Users\Ольга\.m2\repository\org\slf4j\slf4j-api\2.0.11\slf4j-api-2.0.11.jar;C:\Users\Ольга\.m2\repository\org\mockito\mockito-junit-jupiter\5.7.0\mockito-junit-jupiter-5.7.0.jar;C:\Users\Ольга\.m2\repository\org\mockito\mockito-core\5.7.0\mockito-core-5.7.0.jar;C:\Users\Ольга\.m2\repository\net\bytebuddy\byte-buddy\1.14.11\byte-buddy-1.14.11.jar;C:\Users\Ольга\.m2\repository\net\bytebuddy\byte-buddy-agent\1.14.11\byte-buddy-agent-1.14.11.jar;C:\Users\Ольга\.m2\repository\org\objenesis\objenesis\3.3\objenesis-3.3.jar;C:\Users\Ольга\.m2\repository\org\liquibase\liquibase-core\4.24.0\liquibase-core-4.24.0.jar;C:\Users\Ольга\.m2\repository\com\opencsv\opencsv\5.8\opencsv-5.8.jar;C:\Users\Ольга\.m2\repository\org\apache\commons\commons-text\1.10.0\commons-text-1.10.0.jar;C:\Users\Ольга\.m2\repository\org\apache\commons\commons-collections4\4.4\commons-collections4-4.4.jar;C:\Users\Ольга\.m2\repository\org\yaml\snakeyaml\2.2\snakeyaml-2.2.jar;C:\Users\Ольга\.m2\repository\javax\xml\bind\jaxb-api\2.3.1\jaxb-api-2.3.1.jar;C:\Users\Ольга\.m2\repository\org\postgresql\postgresql\42.6.0\postgresql-42.6.0.jar;C:\Users\Ольга\.m2\repository\org\checkerframework\checker-qual\3.31.0\checker-qual-3.31.0.jar;C:\Users\Ольга\.m2\repository\org\hibernate\orm\hibernate-core\6.4.1.Final\hibernate-core-6.4.1.Final.jar;C:\Users\Ольга\.m2\repository\jakarta\persistence\jakarta.persistence-api\3.1.0\jakarta.persistence-api-3.1.0.jar;C:\Users\Ольга\.m2\repository\jakarta\transaction\jakarta.transaction-api\2.0.1\jakarta.transaction-api-2.0.1.jar;C:\Users\Ольга\.m2\repository\org\jboss\logging\jboss-logging\3.5.3.Final\jboss-logging-3.5.3.Final.jar;C:\Users\Ольга\.m2\repository\org\hibernate\common\hibernate-commons-annotations\6.0.6.Final\hibernate-commons-annotations-6.0.6.Final.jar;C:\Users\Ольга\.m2\repository\io\smallrye\jandex\3.1.2\jandex-3.1.2.jar;C:\Users\Ольга\.m2\repository\com\fasterxml\classmate\1.6.0\classmate-1.6.0.jar;C:\Users\Ольга\.m2\repository\jakarta\xml\bind\jakarta.xml.bind-api\4.0.1\jakarta.xml.bind-api-4.0.1.jar;C:\Users\Ольга\.m2\repository\jakarta\activation\jakarta.activation-api\2.1.2\jakarta.activation-api-2.1.2.jar;C:\Users\Ольга\.m2\repository\org\glassfish\jaxb\jaxb-runtime\4.0.4\jaxb-runtime-4.0.4.jar;C:\Users\Ольга\.m2\repository\org\glassfish\jaxb\jaxb-core\4.0.4\jaxb-core-4.0.4.jar;C:\Users\Ольга\.m2\repository\org\eclipse\angus\angus-activation\2.0.1\angus-activation-2.0.1.jar;C:\Users\Ольга\.m2\repository\org\glassfish\jaxb\txw2\4.0.4\txw2-4.0.4.jar;C:\Users\Ольга\.m2\repository\com\sun\istack\istack-commons-runtime\4.1.2\istack-commons-runtime-4.1.2.jar;C:\Users\Ольга\.m2\repository\jakarta\inject\jakarta.inject-api\2.0.1\jakarta.inject-api-2.0.1.jar;C:\Users\Ольга\.m2\repository\org\antlr\antlr4-runtime\4.13.0\antlr4-runtime-4.13.0.jar, java.vm.vendor=Oracle Corporation, sun.arch.data.model=64, idea.test.cyclic.buffer.size=1048576, user.variant=, java.vendor.url=https://java.oracle.com/, user.timezone=Europe/Moscow, java.vm.specification.version=22, os.name=Windows 10, sun.java.launcher=SUN_STANDARD, user.country=RU, sun.boot.library.path=C:\Users\Ольга\.jdks\openjdk-22.0.1\bin, sun.java.command=com.intellij.rt.junit.JUnitStarter -ideVersion5 -junit5 com.javarush.nikolenko.lesson9Hibernate.SessionCreaterTest,getSession, jdk.debug=release, sun.cpu.endian=little, user.home=C:\Users\Ольга, user.language=ru, sun.stderr.encoding=UTF-8, java.specification.vendor=Oracle Corporation, java.version.date=2024-04-16, java.home=C:\Users\Ольга\.jdks\openjdk-22.0.1, file.separator=\, java.vm.compressedOopsMode=32-bit, sun.stdout.encoding=UTF-8, line.separator=
, java.vm.specification.vendor=Oracle Corporation, java.specification.name=Java Platform API Specification, user.script=, connection.password=postgres, sun.management.compiler=HotSpot 64-Bit Tiered Compilers, java.runtime.version=22.0.1+8-16, user.name=Ольга, stdout.encoding=UTF-8, path.separator=;, hibernate.connection.username=****, os.version=10.0, java.runtime.name=OpenJDK Runtime Environment, hibernate.connection.url=jdbc:postgresql://localhost:5432/game, file.encoding=UTF-8, java.vm.name=OpenJDK 64-Bit Server VM, hibernate.show_sql=true, hibernate.connection.driver_class=org.postgresql.Driver, java.vendor.url.bug=https://bugreport.java.com/bugreport/, java.io.tmpdir=C:\Users\134E~1\AppData\Local\Temp\, java.version=22.0.1, user.dir=O:\IdeaProjects\JavaRush\smallProjects\ProjectAcdc, os.arch=amd64, connection.username=postgres, java.vm.specification.name=Java Virtual Machine Specification, hibernate.connection.password=****, sun.os.patch.level=, connection.driver_class=org.postgresql.Driver, hibernate.boot.CfgXmlAccessService.key=org.hibernate.boot.cfgxml.spi.LoadedConfig@20a7953c, native.encoding=Cp1251, java.library.path=C:\Users\Ольга\.jdks\openjdk-22.0.1\bin;C:\WINDOWS\Sun\Java\bin;C:\WINDOWS\system32;C:\WINDOWS;C:\Program Files (x86)\Common Files\Intel\Shared Libraries\redist\intel64\compiler;C:\Program Files (x86)\Common Files\Intel\Shared Files\cpp\bin\Intel64;C:\Program Files (x86)\Intel\iCLS Client\;C:\Program Files\Intel\iCLS Client\;C:\Windows\system32;C:\Windows;C:\Windows\System32\Wbem;C:\Windows\System32\WindowsPowerShell\v1.0\;C:\Program Files\Intel\IntelSGXPSW\bin\x64\Release\;C:\Program Files\Intel\IntelSGXPSW\bin\win32\Release\;C:\Program Files (x86)\NVIDIA Corporation\PhysX\Common;C:\Program Files\Hewlett-Packard\SimplePass\;C:\WINDOWS\system32;C:\WINDOWS;C:\WINDOWS\System32\Wbem;C:\WINDOWS\System32\WindowsPowerShell\v1.0\;C:\Program Files (x86)\Intel\Intel(R) Management Engine Components\DAL;C:\Program Files\Intel\Intel(R) Management Engine Components\DAL;C:\Program Files (x86)\Intel\Intel(R) Management Engine Components\IPT;C:\Program Files\Intel\Intel(R) Management Engine Components\IPT;C:\Program Files\OpenVPN\bin;C:\Program Files (x86)\QuickTime\QTSystem\;C:\WINDOWS\System32\OpenSSH\;C:\Program Files\Intel\WiFi\bin\;C:\Program Files\Common Files\Intel\WirelessCommon\;C:\Program Files\NVIDIA Corporation\NVIDIA NvDLISR;C:\WINDOWS\system32;C:\WINDOWS;C:\WINDOWS\System32\Wbem;C:\WINDOWS\System32\WindowsPowerShell\v1.0\;C:\WINDOWS\System32\OpenSSH\;C:\Users\Ольга\.jdks\openjdk-22.0.1\bin;C:\Program Files\Git\cmd;O:\devtools\maven\bin;O:\devtools\node\;;C:\Program Files\Docker\Docker\resources\bin;C:\Program Files\MySQL\MySQL Shell 8.0\bin\;C:\Users\Ольга\AppData\Local\Microsoft\WindowsApps;C:\Users\Olga\AppData\Roaming\npm;C:\Program Files\JetBrains\IntelliJ IDEA 2024.1.1\bin;;;., stderr.encoding=UTF-8, java.vendor=Oracle Corporation, java.vm.info=mixed mode, sharing, java.vm.version=22.0.1+8-16, sun.io.unicode.encoding=UnicodeLittle, connection.url=jdbc:postgresql://localhost:5432/game, java.class.version=66.0}
2024-05-26 18:25:12,328 DEBUG SessionFactoryImpl: Session factory constructed with filter configurations : {}
2024-05-26 18:25:12,528 DEBUG SqmFunctionRegistry: Registered SqmFunctionTemplate [NamedSqmFunctionTemplate(max)] under max; prior registration was null
2024-05-26 18:25:12,528 DEBUG SqmFunctionRegistry: Registered SqmFunctionTemplate [NamedSqmFunctionTemplate(min)] under min; prior registration was null
2024-05-26 18:25:12,528 DEBUG SqmFunctionRegistry: Registered SqmFunctionTemplate [NamedSqmFunctionTemplate(sum)] under sum; prior registration was null
2024-05-26 18:25:12,528 DEBUG SqmFunctionRegistry: Registered SqmFunctionTemplate [NamedSqmFunctionTemplate(avg)] under avg; prior registration was null
2024-05-26 18:25:12,528 DEBUG SqmFunctionRegistry: Registered SqmFunctionTemplate [org.hibernate.dialect.function.CountFunction@1e977098] under count; prior registration was null
2024-05-26 18:25:12,528 DEBUG SqmFunctionRegistry: Registered SqmFunctionTemplate [org.hibernate.dialect.function.EveryAnyEmulation@45adc393] under every; prior registration was null
2024-05-26 18:25:12,528 DEBUG SqmFunctionRegistry: Registered SqmFunctionTemplate [org.hibernate.dialect.function.EveryAnyEmulation@65fe2691] under any; prior registration was null
2024-05-26 18:25:12,528 DEBUG SqmFunctionRegistry: Registered SqmFunctionTemplate [NamedSqmFunctionTemplate(floor)] under floor; prior registration was null
2024-05-26 18:25:12,528 DEBUG SqmFunctionRegistry: Registered SqmFunctionTemplate [NamedSqmFunctionTemplate(ceiling)] under ceiling; prior registration was null
2024-05-26 18:25:12,528 DEBUG SqmFunctionRegistry: Registered SqmFunctionTemplate [NamedSqmFunctionTemplate(mod)] under mod; prior registration was null
2024-05-26 18:25:12,528 DEBUG SqmFunctionRegistry: Registered SqmFunctionTemplate [NamedSqmFunctionTemplate(abs)] under abs; prior registration was null
2024-05-26 18:25:12,528 DEBUG SqmFunctionRegistry: Registered SqmFunctionTemplate [NamedSqmFunctionTemplate(sign)] under sign; prior registration was null
2024-05-26 18:25:12,528 DEBUG SqmFunctionRegistry: Registered SqmFunctionTemplate [NamedSqmFunctionTemplate(sqrt)] under sqrt; prior registration was null
2024-05-26 18:25:12,528 DEBUG SqmFunctionRegistry: Registered SqmFunctionTemplate [NamedSqmFunctionTemplate(ln)] under ln; prior registration was null
2024-05-26 18:25:12,528 DEBUG SqmFunctionRegistry: Registered SqmFunctionTemplate [NamedSqmFunctionTemplate(exp)] under exp; prior registration was null
2024-05-26 18:25:12,528 DEBUG SqmFunctionRegistry: Registered SqmFunctionTemplate [NamedSqmFunctionTemplate(power)] under power; prior registration was null
2024-05-26 18:25:12,528 DEBUG SqmFunctionRegistry: Registered SqmFunctionTemplate [NamedSqmFunctionTemplate(round)] under round; prior registration was null
2024-05-26 18:25:12,528 DEBUG SqmFunctionRegistry: Registered SqmFunctionTemplate [NamedSqmFunctionTemplate(sin)] under sin; prior registration was null
2024-05-26 18:25:12,528 DEBUG SqmFunctionRegistry: Registered SqmFunctionTemplate [NamedSqmFunctionTemplate(cos)] under cos; prior registration was null
2024-05-26 18:25:12,528 DEBUG SqmFunctionRegistry: Registered SqmFunctionTemplate [NamedSqmFunctionTemplate(tan)] under tan; prior registration was null
2024-05-26 18:25:12,528 DEBUG SqmFunctionRegistry: Registered SqmFunctionTemplate [NamedSqmFunctionTemplate(asin)] under asin; prior registration was null
2024-05-26 18:25:12,528 DEBUG SqmFunctionRegistry: Registered SqmFunctionTemplate [NamedSqmFunctionTemplate(acos)] under acos; prior registration was null
2024-05-26 18:25:12,528 DEBUG SqmFunctionRegistry: Registered SqmFunctionTemplate [NamedSqmFunctionTemplate(atan)] under atan; prior registration was null
2024-05-26 18:25:12,528 DEBUG SqmFunctionRegistry: Registered SqmFunctionTemplate [NamedSqmFunctionTemplate(atan2)] under atan2; prior registration was null
2024-05-26 18:25:12,528 DEBUG SqmFunctionRegistry: Registered SqmFunctionTemplate [org.hibernate.query.sqm.function.PatternBasedSqmFunctionDescriptor@12a2585b] under sinh; prior registration was null
2024-05-26 18:25:12,528 DEBUG SqmFunctionRegistry: Registered SqmFunctionTemplate [org.hibernate.query.sqm.function.PatternBasedSqmFunctionDescriptor@21b6c9c2] under cosh; prior registration was null
2024-05-26 18:25:12,528 DEBUG SqmFunctionRegistry: Registered SqmFunctionTemplate [org.hibernate.query.sqm.function.PatternBasedSqmFunctionDescriptor@309cedb6] under tanh; prior registration was null
2024-05-26 18:25:12,528 DEBUG SqmFunctionRegistry: Registered SqmFunctionTemplate [org.hibernate.query.sqm.function.PatternBasedSqmFunctionDescriptor@3b95a6db] under pi; prior registration was null
2024-05-26 18:25:12,528 DEBUG SqmFunctionRegistry: Registered SqmFunctionTemplate [org.hibernate.query.sqm.function.PatternBasedSqmFunctionDescriptor@3bf54172] under log; prior registration was null
2024-05-26 18:25:12,528 DEBUG SqmFunctionRegistry: Registered SqmFunctionTemplate [NamedSqmFunctionTemplate(coalesce)] under coalesce; prior registration was null
2024-05-26 18:25:12,528 DEBUG SqmFunctionRegistry: Registered SqmFunctionTemplate [NamedSqmFunctionTemplate(nullif)] under nullif; prior registration was null
2024-05-26 18:25:12,528 DEBUG SqmFunctionRegistry: Registered SqmFunctionTemplate [NamedSqmFunctionTemplate(left)] under left; prior registration was null
2024-05-26 18:25:12,528 DEBUG SqmFunctionRegistry: Registered SqmFunctionTemplate [NamedSqmFunctionTemplate(right)] under right; prior registration was null
2024-05-26 18:25:12,528 DEBUG SqmFunctionRegistry: Registered SqmFunctionTemplate [NamedSqmFunctionTemplate(replace)] under replace; prior registration was null
2024-05-26 18:25:12,528 DEBUG SqmFunctionRegistry: Registered SqmFunctionTemplate [NamedSqmFunctionTemplate(concat)] under concat; prior registration was null
2024-05-26 18:25:12,528 DEBUG SqmFunctionRegistry: Registered SqmFunctionTemplate [NamedSqmFunctionTemplate(lower)] under lower; prior registration was null
2024-05-26 18:25:12,528 DEBUG SqmFunctionRegistry: Registered SqmFunctionTemplate [NamedSqmFunctionTemplate(upper)] under upper; prior registration was null
2024-05-26 18:25:12,528 DEBUG SqmFunctionRegistry: Registered SqmFunctionTemplate [NamedSqmFunctionTemplate(substring)] under substring; prior registration was null
2024-05-26 18:25:12,528 DEBUG SqmFunctionRegistry: Registered SqmFunctionTemplate [NamedSqmFunctionTemplate(locate)] under locate; prior registration was null
2024-05-26 18:25:12,528 DEBUG SqmFunctionRegistry: Registered SqmFunctionTemplate [NamedSqmFunctionTemplate(character_length)] under character_length; prior registration was null
2024-05-26 18:25:12,528 DEBUG SqmFunctionRegistry: Registering alternate key : length -> character_length
2024-05-26 18:25:12,544 DEBUG SqmFunctionRegistry: Registered SqmFunctionTemplate [org.hibernate.dialect.function.LocatePositionEmulation@786ff1cb] under position; prior registration was null
2024-05-26 18:25:12,544 DEBUG SqmFunctionRegistry: Registered SqmFunctionTemplate [org.hibernate.dialect.function.InsertSubstringOverlayEmulation@3c9c6245] under overlay; prior registration was null
2024-05-26 18:25:12,544 DEBUG SqmFunctionRegistry: Registered SqmFunctionTemplate [org.hibernate.dialect.function.TrimFunction@3127cb44] under trim; prior registration was null
2024-05-26 18:25:12,544 DEBUG SqmFunctionRegistry: Registered SqmFunctionTemplate [org.hibernate.dialect.function.CastFunction@17e9bc9e] under cast; prior registration was null
2024-05-26 18:25:12,544 DEBUG SqmFunctionRegistry: Registered SqmFunctionTemplate [org.hibernate.query.sqm.function.PatternBasedSqmFunctionDescriptor@36b9cb99] under collate; prior registration was null
2024-05-26 18:25:12,544 DEBUG SqmFunctionRegistry: Registered SqmFunctionTemplate [org.hibernate.dialect.function.ExtractFunction@9301672] under extract; prior registration was null
2024-05-26 18:25:12,544 DEBUG SqmFunctionRegistry: Registered SqmFunctionTemplate [NamedSqmFunctionTemplate(least)] under least; prior registration was null
2024-05-26 18:25:12,544 DEBUG SqmFunctionRegistry: Registered SqmFunctionTemplate [NamedSqmFunctionTemplate(greatest)] under greatest; prior registration was null
2024-05-26 18:25:12,544 DEBUG SqmFunctionRegistry: Registered SqmFunctionTemplate [org.hibernate.dialect.function.CoalesceIfnullEmulation@2577a95d] under ifnull; prior registration was null
2024-05-26 18:25:12,544 DEBUG SqmFunctionRegistry: Registered SqmFunctionTemplate [NamedSqmFunctionTemplate(lpad)] under lpad; prior registration was null
2024-05-26 18:25:12,544 DEBUG SqmFunctionRegistry: Registered SqmFunctionTemplate [NamedSqmFunctionTemplate(rpad)] under rpad; prior registration was null
2024-05-26 18:25:12,544 DEBUG SqmFunctionRegistry: Registered SqmFunctionTemplate [org.hibernate.dialect.function.LpadRpadPadEmulation@3a6045c6] under pad; prior registration was null
2024-05-26 18:25:12,544 DEBUG SqmFunctionRegistry: Registered SqmFunctionTemplate [org.hibernate.dialect.function.CastStrEmulation@38b3f208] under str; prior registration was null
2024-05-26 18:25:12,544 DEBUG SqmFunctionRegistry: Registered SqmFunctionTemplate [org.hibernate.dialect.function.FormatFunction@65bad087] under format; prior registration was null
2024-05-26 18:25:12,544 DEBUG SqmFunctionRegistry: Registered SqmFunctionTemplate [org.hibernate.dialect.function.TimestampaddFunction@3eb292cd] under timestampadd; prior registration was null
2024-05-26 18:25:12,544 DEBUG SqmFunctionRegistry: Registered SqmFunctionTemplate [org.hibernate.dialect.function.TimestampdiffFunction@6807a356] under timestampdiff; prior registration was null
2024-05-26 18:25:12,544 DEBUG SqmFunctionRegistry: Registering alternate key : dateadd -> timestampadd
2024-05-26 18:25:12,544 DEBUG SqmFunctionRegistry: Registering alternate key : datediff -> timestampdiff
2024-05-26 18:25:12,560 DEBUG SqmFunctionRegistry: Registered SqmFunctionTemplate [org.hibernate.dialect.function.CurrentFunction@58af5076] under current_date; prior registration was null
2024-05-26 18:25:12,561 DEBUG SqmFunctionRegistry: Registered SqmFunctionTemplate [org.hibernate.dialect.function.CurrentFunction@49469ffa] under current_time; prior registration was null
2024-05-26 18:25:12,561 DEBUG SqmFunctionRegistry: Registered SqmFunctionTemplate [org.hibernate.dialect.function.CurrentFunction@4d9754a8] under current_timestamp; prior registration was null
2024-05-26 18:25:12,561 DEBUG SqmFunctionRegistry: Registering alternate key : current date -> current_date
2024-05-26 18:25:12,561 DEBUG SqmFunctionRegistry: Registering alternate key : current time -> current_time
2024-05-26 18:25:12,561 DEBUG SqmFunctionRegistry: Registering alternate key : current timestamp -> current_timestamp
2024-05-26 18:25:12,561 DEBUG SqmFunctionRegistry: Registered SqmFunctionTemplate [org.hibernate.dialect.function.CurrentFunction@7a3b7122] under local_date; prior registration was null
2024-05-26 18:25:12,561 DEBUG SqmFunctionRegistry: Registered SqmFunctionTemplate [org.hibernate.dialect.function.CurrentFunction@58b5a2f3] under local_time; prior registration was null
2024-05-26 18:25:12,561 DEBUG SqmFunctionRegistry: Registered SqmFunctionTemplate [org.hibernate.dialect.function.CurrentFunction@25f15f50] under local_datetime; prior registration was null
2024-05-26 18:25:12,561 DEBUG SqmFunctionRegistry: Registered SqmFunctionTemplate [org.hibernate.dialect.function.CurrentFunction@52b46d52] under offset_datetime; prior registration was null
2024-05-26 18:25:12,561 DEBUG SqmFunctionRegistry: Registering alternate key : local date -> local_date
2024-05-26 18:25:12,561 DEBUG SqmFunctionRegistry: Registering alternate key : local time -> local_time
2024-05-26 18:25:12,561 DEBUG SqmFunctionRegistry: Registering alternate key : local datetime -> local_datetime
2024-05-26 18:25:12,561 DEBUG SqmFunctionRegistry: Registering alternate key : offset datetime -> offset_datetime
2024-05-26 18:25:12,561 DEBUG SqmFunctionRegistry: Registered SqmFunctionTemplate [org.hibernate.dialect.function.CurrentFunction@7327a447] under instant; prior registration was null
2024-05-26 18:25:12,561 DEBUG SqmFunctionRegistry: Registering alternate key : current_instant -> instant
2024-05-26 18:25:12,561 DEBUG SqmFunctionRegistry: Registered SqmFunctionTemplate [org.hibernate.dialect.function.SqlFunction@163042ea] under sql; prior registration was null
2024-05-26 18:25:12,561 DEBUG SqmFunctionRegistry: Registered SqmFunctionTemplate [NamedSqmFunctionTemplate(cot)] under cot; prior registration was null
2024-05-26 18:25:12,561 DEBUG SqmFunctionRegistry: Registered SqmFunctionTemplate [NamedSqmFunctionTemplate(radians)] under radians; prior registration was null
2024-05-26 18:25:12,561 DEBUG SqmFunctionRegistry: Registered SqmFunctionTemplate [NamedSqmFunctionTemplate(degrees)] under degrees; prior registration was null
2024-05-26 18:25:12,561 DEBUG SqmFunctionRegistry: Registered SqmFunctionTemplate [NamedSqmFunctionTemplate(log)] under log; prior registration was org.hibernate.query.sqm.function.PatternBasedSqmFunctionDescriptor@3bf54172
2024-05-26 18:25:12,561 DEBUG SqmFunctionRegistry: Registered SqmFunctionTemplate [org.hibernate.query.sqm.function.PatternBasedSqmFunctionDescriptor@11d045b4] under mod; prior registration was NamedSqmFunctionTemplate(mod)
2024-05-26 18:25:12,561 DEBUG SqmFunctionRegistry: Registered SqmFunctionTemplate [NamedSqmFunctionTemplate(log10)] under log10; prior registration was null
2024-05-26 18:25:12,561 DEBUG SqmFunctionRegistry: Registered SqmFunctionTemplate [NamedSqmFunctionTemplate(tanh)] under tanh; prior registration was org.hibernate.query.sqm.function.PatternBasedSqmFunctionDescriptor@309cedb6
2024-05-26 18:25:12,561 DEBUG SqmFunctionRegistry: Registered SqmFunctionTemplate [NamedSqmFunctionTemplate(sinh)] under sinh; prior registration was org.hibernate.query.sqm.function.PatternBasedSqmFunctionDescriptor@12a2585b
2024-05-26 18:25:12,561 DEBUG SqmFunctionRegistry: Registered SqmFunctionTemplate [NamedSqmFunctionTemplate(cosh)] under cosh; prior registration was org.hibernate.query.sqm.function.PatternBasedSqmFunctionDescriptor@21b6c9c2
2024-05-26 18:25:12,561 DEBUG SqmFunctionRegistry: Registered SqmFunctionTemplate [NamedSqmFunctionTemplate(acosh)] under acosh; prior registration was null
2024-05-26 18:25:12,561 DEBUG SqmFunctionRegistry: Registered SqmFunctionTemplate [NamedSqmFunctionTemplate(asinh)] under asinh; prior registration was null
2024-05-26 18:25:12,561 DEBUG SqmFunctionRegistry: Registered SqmFunctionTemplate [NamedSqmFunctionTemplate(atanh)] under atanh; prior registration was null
2024-05-26 18:25:12,561 DEBUG SqmFunctionRegistry: Registered SqmFunctionTemplate [NamedSqmFunctionTemplate(cbrt)] under cbrt; prior registration was null
2024-05-26 18:25:12,561 DEBUG SqmFunctionRegistry: Registered SqmFunctionTemplate [NamedSqmFunctionTemplate(pi)] under pi; prior registration was org.hibernate.query.sqm.function.PatternBasedSqmFunctionDescriptor@3b95a6db
2024-05-26 18:25:12,561 DEBUG SqmFunctionRegistry: Registered SqmFunctionTemplate [NamedSqmFunctionTemplate(ltrim)] under ltrim; prior registration was null
2024-05-26 18:25:12,561 DEBUG SqmFunctionRegistry: Registered SqmFunctionTemplate [NamedSqmFunctionTemplate(rtrim)] under rtrim; prior registration was null
2024-05-26 18:25:12,561 DEBUG SqmFunctionRegistry: Registered SqmFunctionTemplate [NamedSqmFunctionTemplate(repeat)] under repeat; prior registration was null
2024-05-26 18:25:12,561 DEBUG SqmFunctionRegistry: Registered SqmFunctionTemplate [NamedSqmFunctionTemplate(md5)] under md5; prior registration was null
2024-05-26 18:25:12,561 DEBUG SqmFunctionRegistry: Registered SqmFunctionTemplate [NamedSqmFunctionTemplate(initcap)] under initcap; prior registration was null
2024-05-26 18:25:12,561 DEBUG SqmFunctionRegistry: Registered SqmFunctionTemplate [NamedSqmFunctionTemplate(substr)] under substr; prior registration was null
2024-05-26 18:25:12,561 DEBUG SqmFunctionRegistry: Registered SqmFunctionTemplate [NamedSqmFunctionTemplate(substr)] under substring; prior registration was NamedSqmFunctionTemplate(substring)
2024-05-26 18:25:12,561 DEBUG SqmFunctionRegistry: Registered SqmFunctionTemplate [NamedSqmFunctionTemplate(translate)] under translate; prior registration was null
2024-05-26 18:25:12,561 DEBUG SqmFunctionRegistry: Registered SqmFunctionTemplate [NamedSqmFunctionTemplate(to_number)] under to_number; prior registration was null
2024-05-26 18:25:12,561 DEBUG SqmFunctionRegistry: Registered SqmFunctionTemplate [NamedSqmFunctionTemplate(to_char)] under to_char; prior registration was null
2024-05-26 18:25:12,561 DEBUG SqmFunctionRegistry: Registered SqmFunctionTemplate [NamedSqmFunctionTemplate(to_date)] under to_date; prior registration was null
2024-05-26 18:25:12,561 DEBUG SqmFunctionRegistry: Registered SqmFunctionTemplate [NamedSqmFunctionTemplate(to_timestamp)] under to_timestamp; prior registration was null
2024-05-26 18:25:12,561 DEBUG SqmFunctionRegistry: Registered SqmFunctionTemplate [org.hibernate.dialect.function.ConcatPipeFunction@1e1eeedd] under concat; prior registration was NamedSqmFunctionTemplate(concat)
2024-05-26 18:25:12,561 DEBUG SqmFunctionRegistry: Registered SqmFunctionTemplate [NamedSqmFunctionTemplate(localtime)] under localtime; prior registration was null
2024-05-26 18:25:12,561 DEBUG SqmFunctionRegistry: Registered SqmFunctionTemplate [NamedSqmFunctionTemplate(localtimestamp)] under localtimestamp; prior registration was null
2024-05-26 18:25:12,561 DEBUG SqmFunctionRegistry: Registered SqmFunctionTemplate [NamedSqmFunctionTemplate(localtime)] under local_time; prior registration was org.hibernate.dialect.function.CurrentFunction@58b5a2f3
2024-05-26 18:25:12,561 DEBUG SqmFunctionRegistry: Registered SqmFunctionTemplate [NamedSqmFunctionTemplate(localtimestamp)] under local_datetime; prior registration was org.hibernate.dialect.function.CurrentFunction@25f15f50
2024-05-26 18:25:12,561 DEBUG SqmFunctionRegistry: Registered SqmFunctionTemplate [org.hibernate.dialect.function.LengthFunction@1d8b0500] under character_length; prior registration was NamedSqmFunctionTemplate(character_length)
2024-05-26 18:25:12,561 DEBUG SqmFunctionRegistry: Registering alternate key : length -> character_length
2024-05-26 18:25:12,561 DEBUG SqmFunctionRegistry: Registered SqmFunctionTemplate [org.hibernate.dialect.function.LengthFunction@76544c0a] under bit_length; prior registration was null
2024-05-26 18:25:12,561 DEBUG SqmFunctionRegistry: Registered SqmFunctionTemplate [org.hibernate.dialect.function.LengthFunction@428bdd72] under octet_length; prior registration was null
2024-05-26 18:25:12,561 DEBUG SqmFunctionRegistry: Registered SqmFunctionTemplate [NamedSqmFunctionTemplate(ascii)] under ascii; prior registration was null
2024-05-26 18:25:12,561 DEBUG SqmFunctionRegistry: Registered SqmFunctionTemplate [NamedSqmFunctionTemplate(chr)] under chr; prior registration was null
2024-05-26 18:25:12,561 DEBUG SqmFunctionRegistry: Registering alternate key : char -> chr
2024-05-26 18:25:12,561 DEBUG SqmFunctionRegistry: Registered SqmFunctionTemplate [org.hibernate.query.sqm.function.PatternBasedSqmFunctionDescriptor@650c405c] under position; prior registration was org.hibernate.dialect.function.LocatePositionEmulation@786ff1cb
2024-05-26 18:25:12,561 DEBUG SqmFunctionRegistry: Registered SqmFunctionTemplate [org.hibernate.query.sqm.function.PatternBasedSqmFunctionDescriptor@20eaeaf8] under bitand; prior registration was null
2024-05-26 18:25:12,561 DEBUG SqmFunctionRegistry: Registered SqmFunctionTemplate [org.hibernate.query.sqm.function.PatternBasedSqmFunctionDescriptor@748ac6f3] under bitor; prior registration was null
2024-05-26 18:25:12,561 DEBUG SqmFunctionRegistry: Registered SqmFunctionTemplate [org.hibernate.query.sqm.function.PatternBasedSqmFunctionDescriptor@68f6e55d] under bitxor; prior registration was null
2024-05-26 18:25:12,561 DEBUG SqmFunctionRegistry: Registered SqmFunctionTemplate [org.hibernate.query.sqm.function.PatternBasedSqmFunctionDescriptor@6fff46bf] under bitnot; prior registration was null
2024-05-26 18:25:12,561 DEBUG SqmFunctionRegistry: Registered SqmFunctionTemplate [NamedSqmFunctionTemplate(bit_and)] under bit_and; prior registration was null
2024-05-26 18:25:12,561 DEBUG SqmFunctionRegistry: Registered SqmFunctionTemplate [NamedSqmFunctionTemplate(bit_or)] under bit_or; prior registration was null
2024-05-26 18:25:12,561 DEBUG SqmFunctionRegistry: Registered SqmFunctionTemplate [NamedSqmFunctionTemplate(bool_and)] under bool_and; prior registration was null
2024-05-26 18:25:12,561 DEBUG SqmFunctionRegistry: Registering alternate key : every -> bool_and
2024-05-26 18:25:12,561 DEBUG SqmFunctionRegistry: Registered SqmFunctionTemplate [NamedSqmFunctionTemplate(bool_or)] under bool_or; prior registration was null
2024-05-26 18:25:12,561 DEBUG SqmFunctionRegistry: Registering alternate key : any -> bool_or
2024-05-26 18:25:12,561 DEBUG SqmFunctionRegistry: Registered SqmFunctionTemplate [org.hibernate.query.sqm.function.PatternBasedSqmFunctionDescriptor@1835dc92] under median; prior registration was null
2024-05-26 18:25:12,561 DEBUG SqmFunctionRegistry: Registered SqmFunctionTemplate [NamedSqmFunctionTemplate(stddev)] under stddev; prior registration was null
2024-05-26 18:25:12,561 DEBUG SqmFunctionRegistry: Registered SqmFunctionTemplate [NamedSqmFunctionTemplate(stddev_pop)] under stddev_pop; prior registration was null
2024-05-26 18:25:12,561 DEBUG SqmFunctionRegistry: Registered SqmFunctionTemplate [NamedSqmFunctionTemplate(stddev_samp)] under stddev_samp; prior registration was null
2024-05-26 18:25:12,561 DEBUG SqmFunctionRegistry: Registered SqmFunctionTemplate [NamedSqmFunctionTemplate(variance)] under variance; prior registration was null
2024-05-26 18:25:12,561 DEBUG SqmFunctionRegistry: Registered SqmFunctionTemplate [NamedSqmFunctionTemplate(var_pop)] under var_pop; prior registration was null
2024-05-26 18:25:12,561 DEBUG SqmFunctionRegistry: Registered SqmFunctionTemplate [NamedSqmFunctionTemplate(var_samp)] under var_samp; prior registration was null
2024-05-26 18:25:12,561 DEBUG SqmFunctionRegistry: Registered SqmFunctionTemplate [NamedSqmFunctionTemplate(covar_pop)] under covar_pop; prior registration was null
2024-05-26 18:25:12,561 DEBUG SqmFunctionRegistry: Registered SqmFunctionTemplate [NamedSqmFunctionTemplate(covar_samp)] under covar_samp; prior registration was null
2024-05-26 18:25:12,561 DEBUG SqmFunctionRegistry: Registered SqmFunctionTemplate [NamedSqmFunctionTemplate(corr)] under corr; prior registration was null
2024-05-26 18:25:12,561 DEBUG SqmFunctionRegistry: Registered SqmFunctionTemplate [NamedSqmFunctionTemplate(regr_avgx)] under regr_avgx; prior registration was null
2024-05-26 18:25:12,561 DEBUG SqmFunctionRegistry: Registered SqmFunctionTemplate [NamedSqmFunctionTemplate(regr_avgy)] under regr_avgy; prior registration was null
2024-05-26 18:25:12,561 DEBUG SqmFunctionRegistry: Registered SqmFunctionTemplate [NamedSqmFunctionTemplate(regr_count)] under regr_count; prior registration was null
2024-05-26 18:25:12,561 DEBUG SqmFunctionRegistry: Registered SqmFunctionTemplate [NamedSqmFunctionTemplate(regr_intercept)] under regr_intercept; prior registration was null
2024-05-26 18:25:12,561 DEBUG SqmFunctionRegistry: Registered SqmFunctionTemplate [NamedSqmFunctionTemplate(regr_r2)] under regr_r2; prior registration was null
2024-05-26 18:25:12,561 DEBUG SqmFunctionRegistry: Registered SqmFunctionTemplate [NamedSqmFunctionTemplate(regr_slope)] under regr_slope; prior registration was null
2024-05-26 18:25:12,561 DEBUG SqmFunctionRegistry: Registered SqmFunctionTemplate [NamedSqmFunctionTemplate(regr_sxx)] under regr_sxx; prior registration was null
2024-05-26 18:25:12,561 DEBUG SqmFunctionRegistry: Registered SqmFunctionTemplate [NamedSqmFunctionTemplate(regr_sxy)] under regr_sxy; prior registration was null
2024-05-26 18:25:12,561 DEBUG SqmFunctionRegistry: Registered SqmFunctionTemplate [NamedSqmFunctionTemplate(regr_syy)] under regr_syy; prior registration was null
2024-05-26 18:25:12,561 DEBUG SqmFunctionRegistry: Registered SqmFunctionTemplate [org.hibernate.query.sqm.function.PatternBasedSqmFunctionDescriptor@65a9ea3c] under insert; prior registration was null
2024-05-26 18:25:12,561 DEBUG SqmFunctionRegistry: Registered SqmFunctionTemplate [org.hibernate.query.sqm.function.MultipatternSqmFunctionDescriptor@7e351d7] under overlay; prior registration was org.hibernate.dialect.function.InsertSubstringOverlayEmulation@3c9c6245
2024-05-26 18:25:12,561 DEBUG SqmFunctionRegistry: Registered SqmFunctionTemplate [NamedSqmFunctionTemplate(soundex)] under soundex; prior registration was null
2024-05-26 18:25:12,561 DEBUG SqmFunctionRegistry: Registered SqmFunctionTemplate [org.hibernate.query.sqm.function.MultipatternSqmFunctionDescriptor@43c57161] under locate; prior registration was NamedSqmFunctionTemplate(locate)
2024-05-26 18:25:12,561 DEBUG SqmFunctionRegistry: Registered SqmFunctionTemplate [NamedSqmFunctionTemplate(row_number)] under row_number; prior registration was null
2024-05-26 18:25:12,561 DEBUG SqmFunctionRegistry: Registered SqmFunctionTemplate [NamedSqmFunctionTemplate(lag)] under lag; prior registration was null
2024-05-26 18:25:12,561 DEBUG SqmFunctionRegistry: Registered SqmFunctionTemplate [NamedSqmFunctionTemplate(lead)] under lead; prior registration was null
2024-05-26 18:25:12,561 DEBUG SqmFunctionRegistry: Registered SqmFunctionTemplate [NamedSqmFunctionTemplate(first_value)] under first_value; prior registration was null
2024-05-26 18:25:12,561 DEBUG SqmFunctionRegistry: Registered SqmFunctionTemplate [NamedSqmFunctionTemplate(last_value)] under last_value; prior registration was null
2024-05-26 18:25:12,561 DEBUG SqmFunctionRegistry: Registered SqmFunctionTemplate [NamedSqmFunctionTemplate(nth_value)] under nth_value; prior registration was null
2024-05-26 18:25:12,561 DEBUG SqmFunctionRegistry: Registered SqmFunctionTemplate [org.hibernate.dialect.function.ListaggStringAggEmulation@4d84049a] under listagg; prior registration was null
2024-05-26 18:25:12,561 DEBUG SqmFunctionRegistry: Registered SqmFunctionTemplate [org.hibernate.dialect.function.array.PostgreSQLArrayConstructorFunction@58253c57] under array; prior registration was null
2024-05-26 18:25:12,561 DEBUG SqmFunctionRegistry: Registered SqmFunctionTemplate [org.hibernate.dialect.function.array.PostgreSQLArrayConstructorFunction@b73433] under array_list; prior registration was null
2024-05-26 18:25:12,561 DEBUG SqmFunctionRegistry: Registered SqmFunctionTemplate [org.hibernate.dialect.function.array.ArrayAggFunction@124dac75] under array_agg; prior registration was null
2024-05-26 18:25:12,561 DEBUG SqmFunctionRegistry: Registered SqmFunctionTemplate [org.hibernate.dialect.function.array.PostgreSQLArrayPositionFunction@29c17c3d] under array_position; prior registration was null
2024-05-26 18:25:12,578 DEBUG SqmFunctionRegistry: Registered SqmFunctionTemplate [org.hibernate.dialect.function.array.PostgreSQLArrayPositionsFunction@42f85fa4] under array_positions; prior registration was null
2024-05-26 18:25:12,578 DEBUG SqmFunctionRegistry: Registered SqmFunctionTemplate [org.hibernate.dialect.function.array.PostgreSQLArrayPositionsFunction@3f6bf8aa] under array_positions_list; prior registration was null
2024-05-26 18:25:12,578 DEBUG SqmFunctionRegistry: Registered SqmFunctionTemplate [org.hibernate.query.sqm.function.PatternBasedSqmFunctionDescriptor@13c8ac77] under array_length; prior registration was null
2024-05-26 18:25:12,578 DEBUG SqmFunctionRegistry: Registered SqmFunctionTemplate [org.hibernate.dialect.function.array.PostgreSQLArrayConcatFunction@7cfac39f] under array_concat; prior registration was null
2024-05-26 18:25:12,578 DEBUG SqmFunctionRegistry: Registered SqmFunctionTemplate [org.hibernate.dialect.function.array.PostgreSQLArrayConcatElementFunction@3a3ed300] under array_prepend; prior registration was null
2024-05-26 18:25:12,578 DEBUG SqmFunctionRegistry: Registered SqmFunctionTemplate [org.hibernate.dialect.function.array.PostgreSQLArrayConcatElementFunction@1984212d] under array_append; prior registration was null
2024-05-26 18:25:12,578 DEBUG SqmFunctionRegistry: Registered SqmFunctionTemplate [org.hibernate.dialect.function.array.ArrayContainsOperatorFunction@1d06f16f] under array_contains; prior registration was null
2024-05-26 18:25:12,578 DEBUG SqmFunctionRegistry: Registered SqmFunctionTemplate [org.hibernate.dialect.function.array.ArrayContainsOperatorFunction@4fa4f485] under array_contains_nullable; prior registration was null
2024-05-26 18:25:12,578 DEBUG SqmFunctionRegistry: Registered SqmFunctionTemplate [org.hibernate.dialect.function.array.ArrayOverlapsOperatorFunction@10272bbb] under array_overlaps; prior registration was null
2024-05-26 18:25:12,578 DEBUG SqmFunctionRegistry: Registered SqmFunctionTemplate [org.hibernate.dialect.function.array.ArrayOverlapsOperatorFunction@36d33f4] under array_overlaps_nullable; prior registration was null
2024-05-26 18:25:12,578 DEBUG SqmFunctionRegistry: Registered SqmFunctionTemplate [org.hibernate.query.sqm.function.PatternBasedSqmFunctionDescriptor@3f96f020] under array_get; prior registration was null
2024-05-26 18:25:12,595 DEBUG SqmFunctionRegistry: Registered SqmFunctionTemplate [org.hibernate.dialect.function.array.ArraySetUnnestFunction@6a1d526c] under array_set; prior registration was null
2024-05-26 18:25:12,595 DEBUG SqmFunctionRegistry: Registered SqmFunctionTemplate [NamedSqmFunctionTemplate(array_remove)] under array_remove; prior registration was null
2024-05-26 18:25:12,595 DEBUG SqmFunctionRegistry: Registered SqmFunctionTemplate [org.hibernate.dialect.function.array.ArrayRemoveIndexUnnestFunction@6870c3c2] under array_remove_index; prior registration was null
2024-05-26 18:25:12,595 DEBUG SqmFunctionRegistry: Registered SqmFunctionTemplate [org.hibernate.query.sqm.function.PatternBasedSqmFunctionDescriptor@fb0a08c] under array_slice; prior registration was null
2024-05-26 18:25:12,595 DEBUG SqmFunctionRegistry: Registered SqmFunctionTemplate [NamedSqmFunctionTemplate(array_replace)] under array_replace; prior registration was null
2024-05-26 18:25:12,595 DEBUG SqmFunctionRegistry: Registered SqmFunctionTemplate [org.hibernate.query.sqm.function.PatternBasedSqmFunctionDescriptor@1faf386c] under array_trim; prior registration was null
2024-05-26 18:25:12,595 DEBUG SqmFunctionRegistry: Registered SqmFunctionTemplate [org.hibernate.dialect.function.array.PostgreSQLArrayFillFunction@796f632b] under array_fill; prior registration was null
2024-05-26 18:25:12,595 DEBUG SqmFunctionRegistry: Registered SqmFunctionTemplate [org.hibernate.dialect.function.array.PostgreSQLArrayFillFunction@5d94a2dc] under array_fill_list; prior registration was null
2024-05-26 18:25:12,595 DEBUG SqmFunctionRegistry: Registered SqmFunctionTemplate [org.hibernate.dialect.function.array.ArrayToStringFunction@233db8e9] under array_to_string; prior registration was null
2024-05-26 18:25:12,595 DEBUG SqmFunctionRegistry: Registered SqmFunctionTemplate [NamedSqmFunctionTemplate(make_date)] under make_date; prior registration was null
2024-05-26 18:25:12,595 DEBUG SqmFunctionRegistry: Registered SqmFunctionTemplate [NamedSqmFunctionTemplate(make_time)] under make_time; prior registration was null
2024-05-26 18:25:12,595 DEBUG SqmFunctionRegistry: Registered SqmFunctionTemplate [NamedSqmFunctionTemplate(make_timestamp)] under make_timestamp; prior registration was null
2024-05-26 18:25:12,595 DEBUG SqmFunctionRegistry: Registered SqmFunctionTemplate [NamedSqmFunctionTemplate(make_timestamptz)] under make_timestamptz; prior registration was null
2024-05-26 18:25:12,595 DEBUG SqmFunctionRegistry: Registered SqmFunctionTemplate [org.hibernate.dialect.function.InverseDistributionFunction@3d24420b] under mode; prior registration was null
2024-05-26 18:25:12,595 DEBUG SqmFunctionRegistry: Registered SqmFunctionTemplate [org.hibernate.dialect.function.InverseDistributionFunction@6274670b] under percentile_cont; prior registration was null
2024-05-26 18:25:12,595 DEBUG SqmFunctionRegistry: Registered SqmFunctionTemplate [org.hibernate.dialect.function.InverseDistributionFunction@53ce2392] under percentile_disc; prior registration was null
2024-05-26 18:25:12,595 DEBUG SqmFunctionRegistry: Registered SqmFunctionTemplate [org.hibernate.dialect.function.HypotheticalSetFunction@7f7b6639] under rank; prior registration was null
2024-05-26 18:25:12,595 DEBUG SqmFunctionRegistry: Registered SqmFunctionTemplate [org.hibernate.dialect.function.HypotheticalSetFunction@16ac5d35] under dense_rank; prior registration was null
2024-05-26 18:25:12,595 DEBUG SqmFunctionRegistry: Registered SqmFunctionTemplate [org.hibernate.dialect.function.HypotheticalSetFunction@3965bdf9] under percent_rank; prior registration was null
2024-05-26 18:25:12,595 DEBUG SqmFunctionRegistry: Registered SqmFunctionTemplate [org.hibernate.dialect.function.HypotheticalSetFunction@3c0e00a8] under cume_dist; prior registration was null
2024-05-26 18:25:12,595 DEBUG SqmFunctionRegistry: Registered SqmFunctionTemplate [org.hibernate.dialect.function.PostgreSQLMinMaxFunction@3408f695] under min; prior registration was NamedSqmFunctionTemplate(min)
2024-05-26 18:25:12,595 DEBUG SqmFunctionRegistry: Registered SqmFunctionTemplate [org.hibernate.dialect.function.PostgreSQLMinMaxFunction@2b6a0ea9] under max; prior registration was NamedSqmFunctionTemplate(max)
2024-05-26 18:25:12,595 DEBUG SqmFunctionRegistry: Registered SqmFunctionTemplate [org.hibernate.dialect.function.PostgreSQLTruncRoundFunction@40ac6b76] under round; prior registration was NamedSqmFunctionTemplate(round)
2024-05-26 18:25:12,595 DEBUG SqmFunctionRegistry: Registered SqmFunctionTemplate [org.hibernate.dialect.function.PostgreSQLTruncFunction@76f881d9] under trunc; prior registration was null
2024-05-26 18:25:12,595 DEBUG SqmFunctionRegistry: Registering alternate key : truncate -> trunc
2024-05-26 18:25:12,595 DEBUG SqmFunctionRegistry: Registered SqmFunctionTemplate [org.hibernate.query.sqm.function.PatternBasedSqmFunctionDescriptor@6dd36ab6] under date_trunc; prior registration was null
2024-05-26 18:25:12,661 DEBUG HQL_FUNCTIONS: abs(NUMERIC arg)
2024-05-26 18:25:12,661 DEBUG HQL_FUNCTIONS: Double acos(NUMERIC arg)
2024-05-26 18:25:12,661 DEBUG HQL_FUNCTIONS: Double acosh(NUMERIC arg)
2024-05-26 18:25:12,661 DEBUG HQL_FUNCTIONS: Boolean any(BOOLEAN predicate)
2024-05-26 18:25:12,661 DEBUG HQL_FUNCTIONS: array( ... )
2024-05-26 18:25:12,661 DEBUG HQL_FUNCTIONS: array_agg(arg)
2024-05-26 18:25:12,661 DEBUG HQL_FUNCTIONS: array_append( ... )
2024-05-26 18:25:12,661 DEBUG HQL_FUNCTIONS: array_concat( ... )
2024-05-26 18:25:12,661 DEBUG HQL_FUNCTIONS: Boolean array_contains(ARRAY haystackArray, OBJECT needleElementOrArray)
2024-05-26 18:25:12,661 DEBUG HQL_FUNCTIONS: Boolean array_contains_nullable(ARRAY haystackArray, OBJECT needleElementOrArray)
2024-05-26 18:25:12,661 DEBUG HQL_FUNCTIONS: array_fill(OBJECT element, INTEGER elementCount)
2024-05-26 18:25:12,661 DEBUG HQL_FUNCTIONS: array_fill_list(OBJECT element, INTEGER elementCount)
2024-05-26 18:25:12,661 DEBUG HQL_FUNCTIONS: array_get(ARRAY array, INTEGER index)
2024-05-26 18:25:12,661 DEBUG HQL_FUNCTIONS: Integer array_length(ARRAY array)
2024-05-26 18:25:12,661 DEBUG HQL_FUNCTIONS: array_list( ... )
2024-05-26 18:25:12,661 DEBUG HQL_FUNCTIONS: Boolean array_overlaps(ARRAY array0, OBJECT array1)
2024-05-26 18:25:12,661 DEBUG HQL_FUNCTIONS: Boolean array_overlaps_nullable(ARRAY array0, OBJECT array1)
2024-05-26 18:25:12,661 DEBUG HQL_FUNCTIONS: Integer array_position(ARRAY array, OBJECT element[, INTEGER startPosition])
2024-05-26 18:25:12,661 DEBUG HQL_FUNCTIONS: int[] array_positions(ARRAY array, OBJECT element)
2024-05-26 18:25:12,661 DEBUG HQL_FUNCTIONS: List array_positions_list(ARRAY array, OBJECT element)
2024-05-26 18:25:12,661 DEBUG HQL_FUNCTIONS: array_prepend( ... )
2024-05-26 18:25:12,661 DEBUG HQL_FUNCTIONS: array_remove( ... )
2024-05-26 18:25:12,661 DEBUG HQL_FUNCTIONS: array_remove_index( ... )
2024-05-26 18:25:12,661 DEBUG HQL_FUNCTIONS: array_replace(ARRAY array, OBJECT old, OBJECT new)
2024-05-26 18:25:12,661 DEBUG HQL_FUNCTIONS: array_set( ... )
2024-05-26 18:25:12,661 DEBUG HQL_FUNCTIONS: array_slice(ARRAY array, INTEGER start, INTEGER end)
2024-05-26 18:25:12,661 DEBUG HQL_FUNCTIONS: String array_to_string( ... )
2024-05-26 18:25:12,661 DEBUG HQL_FUNCTIONS: array_trim(ARRAY array, INTEGER elementsToRemove)
2024-05-26 18:25:12,661 DEBUG HQL_FUNCTIONS: Integer ascii(STRING arg)
2024-05-26 18:25:12,661 DEBUG HQL_FUNCTIONS: Double asin(NUMERIC arg)
2024-05-26 18:25:12,661 DEBUG HQL_FUNCTIONS: Double asinh(NUMERIC arg)
2024-05-26 18:25:12,661 DEBUG HQL_FUNCTIONS: Double atan(NUMERIC arg)
2024-05-26 18:25:12,661 DEBUG HQL_FUNCTIONS: Double atan2(NUMERIC arg0, NUMERIC arg1)
2024-05-26 18:25:12,661 DEBUG HQL_FUNCTIONS: Double atanh(NUMERIC arg)
2024-05-26 18:25:12,661 DEBUG HQL_FUNCTIONS: avg(arg)
2024-05-26 18:25:12,661 DEBUG HQL_FUNCTIONS: bit_and(arg)
2024-05-26 18:25:12,661 DEBUG HQL_FUNCTIONS: Integer bit_length(STRING_OR_CLOB arg)
2024-05-26 18:25:12,661 DEBUG HQL_FUNCTIONS: bit_or(arg)
2024-05-26 18:25:12,661 DEBUG HQL_FUNCTIONS: bitand(arg0, arg1)
2024-05-26 18:25:12,661 DEBUG HQL_FUNCTIONS: bitnot(arg)
2024-05-26 18:25:12,661 DEBUG HQL_FUNCTIONS: bitor(arg0, arg1)
2024-05-26 18:25:12,661 DEBUG HQL_FUNCTIONS: bitxor(arg0, arg1)
2024-05-26 18:25:12,661 DEBUG HQL_FUNCTIONS: Boolean bool_and(BOOLEAN predicate)
2024-05-26 18:25:12,661 DEBUG HQL_FUNCTIONS: Boolean bool_or(BOOLEAN predicate)
2024-05-26 18:25:12,661 DEBUG HQL_FUNCTIONS: cast(arg as Type)
2024-05-26 18:25:12,661 DEBUG HQL_FUNCTIONS: Double cbrt(NUMERIC arg)
2024-05-26 18:25:12,661 DEBUG HQL_FUNCTIONS: ceiling(NUMERIC arg)
2024-05-26 18:25:12,661 DEBUG HQL_FUNCTIONS: Character char(INTEGER arg)
2024-05-26 18:25:12,661 DEBUG HQL_FUNCTIONS: Integer character_length(STRING_OR_CLOB arg)
2024-05-26 18:25:12,661 DEBUG HQL_FUNCTIONS: Character chr(INTEGER arg)
2024-05-26 18:25:12,661 DEBUG HQL_FUNCTIONS: coalesce(arg0[, arg1[, ...]])
2024-05-26 18:25:12,661 DEBUG HQL_FUNCTIONS: String collate(STRING string as COLLATION collation)
2024-05-26 18:25:12,661 DEBUG HQL_FUNCTIONS: (STRING string0[, STRING string1[, ...]])
2024-05-26 18:25:12,661 DEBUG HQL_FUNCTIONS: Double corr(NUMERIC arg0, NUMERIC arg1)
2024-05-26 18:25:12,661 DEBUG HQL_FUNCTIONS: Double cos(NUMERIC arg)
2024-05-26 18:25:12,661 DEBUG HQL_FUNCTIONS: Double cosh(NUMERIC arg)
2024-05-26 18:25:12,661 DEBUG HQL_FUNCTIONS: Double cot(NUMERIC arg)
2024-05-26 18:25:12,661 DEBUG HQL_FUNCTIONS: Long count([distinct ]{arg|*})
2024-05-26 18:25:12,661 DEBUG HQL_FUNCTIONS: Double covar_pop(NUMERIC arg0, NUMERIC arg1)
2024-05-26 18:25:12,661 DEBUG HQL_FUNCTIONS: Double covar_samp(NUMERIC arg0, NUMERIC arg1)
2024-05-26 18:25:12,661 DEBUG HQL_FUNCTIONS: Double cume_dist([arg0[, ...]])
2024-05-26 18:25:12,661 DEBUG HQL_FUNCTIONS: Date current date
2024-05-26 18:25:12,661 DEBUG HQL_FUNCTIONS: Time current time
2024-05-26 18:25:12,661 DEBUG HQL_FUNCTIONS: Timestamp current timestamp
2024-05-26 18:25:12,661 DEBUG HQL_FUNCTIONS: Date current_date
2024-05-26 18:25:12,661 DEBUG HQL_FUNCTIONS: Instant current_instant
2024-05-26 18:25:12,661 DEBUG HQL_FUNCTIONS: Time current_time
2024-05-26 18:25:12,661 DEBUG HQL_FUNCTIONS: Timestamp current_timestamp
2024-05-26 18:25:12,661 DEBUG HQL_FUNCTIONS: date_trunc(STRING field, TEMPORAL datetime)
2024-05-26 18:25:12,661 DEBUG HQL_FUNCTIONS: dateadd(TEMPORAL_UNIT field, INTEGER magnitude, TEMPORAL datetime)
2024-05-26 18:25:12,661 DEBUG HQL_FUNCTIONS: basicType@12(java.lang.Long,-5)|basicType@17(java.lang.Double,8) datediff(TEMPORAL_UNIT field, TEMPORAL start, TEMPORAL end)
2024-05-26 18:25:12,661 DEBUG HQL_FUNCTIONS: Double degrees(NUMERIC arg)
2024-05-26 18:25:12,661 DEBUG HQL_FUNCTIONS: Long dense_rank([arg0[, ...]])
2024-05-26 18:25:12,661 DEBUG HQL_FUNCTIONS: Boolean every(BOOLEAN predicate)
2024-05-26 18:25:12,661 DEBUG HQL_FUNCTIONS: Double exp(NUMERIC arg)
2024-05-26 18:25:12,661 DEBUG HQL_FUNCTIONS: extract(TEMPORAL_UNIT field from TEMPORAL arg)
2024-05-26 18:25:12,661 DEBUG HQL_FUNCTIONS: first_valueANY value
2024-05-26 18:25:12,661 DEBUG HQL_FUNCTIONS: floor(NUMERIC arg)
2024-05-26 18:25:12,661 DEBUG HQL_FUNCTIONS: String format(TEMPORAL datetime as STRING pattern)
2024-05-26 18:25:12,661 DEBUG HQL_FUNCTIONS: greatest(COMPARABLE arg0, COMPARABLE arg1[, arg2[, ...]])
2024-05-26 18:25:12,661 DEBUG HQL_FUNCTIONS: ifnull(arg0, arg1)
2024-05-26 18:25:12,661 DEBUG HQL_FUNCTIONS: String initcap(arg)
2024-05-26 18:25:12,661 DEBUG HQL_FUNCTIONS: String insert(STRING string, INTEGER start, INTEGER length, STRING replacement)
2024-05-26 18:25:12,661 DEBUG HQL_FUNCTIONS: Instant instant
2024-05-26 18:25:12,661 DEBUG HQL_FUNCTIONS: lagANY value[, INTEGER offset[, ANY default]]
2024-05-26 18:25:12,661 DEBUG HQL_FUNCTIONS: last_valueANY value
2024-05-26 18:25:12,661 DEBUG HQL_FUNCTIONS: leadANY value[, INTEGER offset[, ANY default]]
2024-05-26 18:25:12,661 DEBUG HQL_FUNCTIONS: least(COMPARABLE arg0, COMPARABLE arg1[, arg2[, ...]])
2024-05-26 18:25:12,661 DEBUG HQL_FUNCTIONS: String left(STRING string, INTEGER length)
2024-05-26 18:25:12,661 DEBUG HQL_FUNCTIONS: Integer length(STRING_OR_CLOB arg)
2024-05-26 18:25:12,661 DEBUG HQL_FUNCTIONS: String listagg(STRING arg0, STRING arg1)
2024-05-26 18:25:12,661 DEBUG HQL_FUNCTIONS: Double ln(NUMERIC arg)
2024-05-26 18:25:12,661 DEBUG HQL_FUNCTIONS: LocalDate local date
2024-05-26 18:25:12,661 DEBUG HQL_FUNCTIONS: LocalDateTime local datetime
2024-05-26 18:25:12,661 DEBUG HQL_FUNCTIONS: LocalTime local time
2024-05-26 18:25:12,661 DEBUG HQL_FUNCTIONS: LocalDate local_date
2024-05-26 18:25:12,661 DEBUG HQL_FUNCTIONS: LocalDateTime local_datetime
2024-05-26 18:25:12,661 DEBUG HQL_FUNCTIONS: LocalTime local_time
2024-05-26 18:25:12,661 DEBUG HQL_FUNCTIONS: Time localtime
2024-05-26 18:25:12,661 DEBUG HQL_FUNCTIONS: Timestamp localtimestamp
2024-05-26 18:25:12,661 DEBUG HQL_FUNCTIONS: Integer locate(STRING pattern, STRING string[, INTEGER start])
2024-05-26 18:25:12,661 DEBUG HQL_FUNCTIONS: Double log(NUMERIC arg0[, NUMERIC arg1])
2024-05-26 18:25:12,661 DEBUG HQL_FUNCTIONS: Double log10(NUMERIC arg)
2024-05-26 18:25:12,661 DEBUG HQL_FUNCTIONS: String lower(STRING string)
2024-05-26 18:25:12,661 DEBUG HQL_FUNCTIONS: String lpad(STRING string, INTEGER length[, STRING padding])
2024-05-26 18:25:12,661 DEBUG HQL_FUNCTIONS: String ltrim(STRING string[, STRING characters])
2024-05-26 18:25:12,661 DEBUG HQL_FUNCTIONS: Date make_date(INTEGER arg0, INTEGER arg1, INTEGER arg2)
2024-05-26 18:25:12,661 DEBUG HQL_FUNCTIONS: Time make_time(INTEGER arg0, INTEGER arg1, INTEGER arg2)
2024-05-26 18:25:12,661 DEBUG HQL_FUNCTIONS: Timestamp make_timestamp(INTEGER arg0, INTEGER arg1, INTEGER arg2, INTEGER arg3, INTEGER arg4, INTEGER arg5)
2024-05-26 18:25:12,661 DEBUG HQL_FUNCTIONS: Timestamp make_timestamptz(INTEGER arg0, INTEGER arg1, INTEGER arg2, INTEGER arg3, INTEGER arg4, INTEGER arg5[, INTEGER arg6])
2024-05-26 18:25:12,661 DEBUG HQL_FUNCTIONS: max(COMPARABLE arg)
2024-05-26 18:25:12,661 DEBUG HQL_FUNCTIONS: String md5(arg)
2024-05-26 18:25:12,661 DEBUG HQL_FUNCTIONS: Double median(NUMERIC arg)
2024-05-26 18:25:12,661 DEBUG HQL_FUNCTIONS: min(COMPARABLE arg)
2024-05-26 18:25:12,661 DEBUG HQL_FUNCTIONS: Integer mod(INTEGER arg0, INTEGER arg1)
2024-05-26 18:25:12,661 DEBUG HQL_FUNCTIONS: mode()
2024-05-26 18:25:12,661 DEBUG HQL_FUNCTIONS: nth_valueANY value, INTEGER nth
2024-05-26 18:25:12,661 DEBUG HQL_FUNCTIONS: nullif(arg0, arg1)
2024-05-26 18:25:12,661 DEBUG HQL_FUNCTIONS: Integer octet_length(STRING_OR_CLOB arg)
2024-05-26 18:25:12,661 DEBUG HQL_FUNCTIONS: OffsetDateTime offset datetime
2024-05-26 18:25:12,661 DEBUG HQL_FUNCTIONS: OffsetDateTime offset_datetime
2024-05-26 18:25:12,661 DEBUG HQL_FUNCTIONS: String overlay(string placing replacement from start[ for length])
2024-05-26 18:25:12,661 DEBUG HQL_FUNCTIONS: String pad(STRING string with INTEGER length {leading|trailing}[ STRING character])
2024-05-26 18:25:12,661 DEBUG HQL_FUNCTIONS: Double percent_rank([arg0[, ...]])
2024-05-26 18:25:12,661 DEBUG HQL_FUNCTIONS: percentile_cont(NUMERIC arg)
2024-05-26 18:25:12,661 DEBUG HQL_FUNCTIONS: percentile_disc(NUMERIC arg)
2024-05-26 18:25:12,661 DEBUG HQL_FUNCTIONS: Double pi
2024-05-26 18:25:12,661 DEBUG HQL_FUNCTIONS: Integer position(STRING pattern in STRING string)
2024-05-26 18:25:12,661 DEBUG HQL_FUNCTIONS: Double power(NUMERIC arg0, NUMERIC arg1)
2024-05-26 18:25:12,661 DEBUG HQL_FUNCTIONS: Double radians(NUMERIC arg)
2024-05-26 18:25:12,661 DEBUG HQL_FUNCTIONS: Long rank([arg0[, ...]])
2024-05-26 18:25:12,661 DEBUG HQL_FUNCTIONS: Double regr_avgx(NUMERIC arg0, NUMERIC arg1)
2024-05-26 18:25:12,661 DEBUG HQL_FUNCTIONS: Double regr_avgy(NUMERIC arg0, NUMERIC arg1)
2024-05-26 18:25:12,661 DEBUG HQL_FUNCTIONS: Double regr_count(NUMERIC arg0, NUMERIC arg1)
2024-05-26 18:25:12,661 DEBUG HQL_FUNCTIONS: Double regr_intercept(NUMERIC arg0, NUMERIC arg1)
2024-05-26 18:25:12,661 DEBUG HQL_FUNCTIONS: Double regr_r2(NUMERIC arg0, NUMERIC arg1)
2024-05-26 18:25:12,661 DEBUG HQL_FUNCTIONS: Double regr_slope(NUMERIC arg0, NUMERIC arg1)
2024-05-26 18:25:12,661 DEBUG HQL_FUNCTIONS: Double regr_sxx(NUMERIC arg0, NUMERIC arg1)
2024-05-26 18:25:12,661 DEBUG HQL_FUNCTIONS: Double regr_sxy(NUMERIC arg0, NUMERIC arg1)
2024-05-26 18:25:12,661 DEBUG HQL_FUNCTIONS: Double regr_syy(NUMERIC arg0, NUMERIC arg1)
2024-05-26 18:25:12,661 DEBUG HQL_FUNCTIONS: String repeat(STRING string, INTEGER times)
2024-05-26 18:25:12,661 DEBUG HQL_FUNCTIONS: String replace(STRING string, STRING pattern, STRING replacement)
2024-05-26 18:25:12,661 DEBUG HQL_FUNCTIONS: String right(STRING string, INTEGER length)
2024-05-26 18:25:12,661 DEBUG HQL_FUNCTIONS: round(NUMERIC number[, INTEGER places])
2024-05-26 18:25:12,661 DEBUG HQL_FUNCTIONS: Long row_number()
2024-05-26 18:25:12,661 DEBUG HQL_FUNCTIONS: String rpad(STRING string, INTEGER length[, STRING padding])
2024-05-26 18:25:12,661 DEBUG HQL_FUNCTIONS: String rtrim(STRING string[, STRING characters])
2024-05-26 18:25:12,661 DEBUG HQL_FUNCTIONS: Integer sign(NUMERIC arg)
2024-05-26 18:25:12,661 DEBUG HQL_FUNCTIONS: Double sin(NUMERIC arg)
2024-05-26 18:25:12,661 DEBUG HQL_FUNCTIONS: Double sinh(NUMERIC arg)
2024-05-26 18:25:12,661 DEBUG HQL_FUNCTIONS: String soundex(arg)
2024-05-26 18:25:12,677 DEBUG HQL_FUNCTIONS: Object sql
2024-05-26 18:25:12,677 DEBUG HQL_FUNCTIONS: Double sqrt(NUMERIC arg)
2024-05-26 18:25:12,677 DEBUG HQL_FUNCTIONS: Double stddev(NUMERIC arg)
2024-05-26 18:25:12,677 DEBUG HQL_FUNCTIONS: Double stddev_pop(NUMERIC arg)
2024-05-26 18:25:12,677 DEBUG HQL_FUNCTIONS: Double stddev_samp(NUMERIC arg)
2024-05-26 18:25:12,678 DEBUG HQL_FUNCTIONS: String str(arg)
2024-05-26 18:25:12,678 DEBUG HQL_FUNCTIONS: String substr(STRING string, INTEGER start[, INTEGER length])
2024-05-26 18:25:12,678 DEBUG HQL_FUNCTIONS: String substring(STRING string{ from|,} INTEGER start[{ for|,} INTEGER length])
2024-05-26 18:25:12,678 DEBUG HQL_FUNCTIONS: sum(arg)
2024-05-26 18:25:12,678 DEBUG HQL_FUNCTIONS: Double tan(NUMERIC arg)
2024-05-26 18:25:12,678 DEBUG HQL_FUNCTIONS: Double tanh(NUMERIC arg)
2024-05-26 18:25:12,678 DEBUG HQL_FUNCTIONS: timestampadd(TEMPORAL_UNIT field, INTEGER magnitude, TEMPORAL datetime)
2024-05-26 18:25:12,678 DEBUG HQL_FUNCTIONS: basicType@12(java.lang.Long,-5)|basicType@17(java.lang.Double,8) timestampdiff(TEMPORAL_UNIT field, TEMPORAL start, TEMPORAL end)
2024-05-26 18:25:12,678 DEBUG HQL_FUNCTIONS: String to_char(ANY arg0[, STRING arg1, STRING arg2])
2024-05-26 18:25:12,678 DEBUG HQL_FUNCTIONS: Date to_date(STRING arg0[, STRING arg1, STRING arg2])
2024-05-26 18:25:12,678 DEBUG HQL_FUNCTIONS: Double to_number(STRING arg0[, STRING arg1, STRING arg2])
2024-05-26 18:25:12,678 DEBUG HQL_FUNCTIONS: Timestamp to_timestamp(STRING arg0[, STRING arg1, STRING arg2])
2024-05-26 18:25:12,678 DEBUG HQL_FUNCTIONS: String translate(STRING arg0, STRING arg1, STRING arg2)
2024-05-26 18:25:12,678 DEBUG HQL_FUNCTIONS: String trim([[{leading|trailing|both} ][STRING arg0 ]from] STRING arg1)
2024-05-26 18:25:12,678 DEBUG HQL_FUNCTIONS: trunc( ... )
2024-05-26 18:25:12,678 DEBUG HQL_FUNCTIONS: truncate( ... )
2024-05-26 18:25:12,678 DEBUG HQL_FUNCTIONS: String upper(STRING string)
2024-05-26 18:25:12,678 DEBUG HQL_FUNCTIONS: Double var_pop(NUMERIC arg)
2024-05-26 18:25:12,678 DEBUG HQL_FUNCTIONS: Double var_samp(NUMERIC arg)
2024-05-26 18:25:12,678 DEBUG HQL_FUNCTIONS: Double variance(NUMERIC arg)
2024-05-26 18:25:12,695 DEBUG cache: Starting QueryInterpretationCache(2048)
2024-05-26 18:25:12,778 DEBUG SessionFactoryServiceRegistryImpl: EventListenerRegistry access via ServiceRegistry is deprecated.  Use `sessionFactory.getEventEngine().getListenerRegistry()` instead
2024-05-26 18:25:12,795 DEBUG EntityCopyObserverFactoryInitiator: Configured EntityCopyObserver strategy: disallow
2024-05-26 18:25:12,969 DEBUG creation: Starting post-init callbacks
2024-05-26 18:25:13,061 DEBUG JtaPlatformInitiator: No JtaPlatform was specified, checking resolver
2024-05-26 18:25:13,078 DEBUG JtaPlatformResolverInitiator: No JtaPlatformResolver was specified, using default [org.hibernate.engine.transaction.jta.platform.internal.StandardJtaPlatformResolver]
2024-05-26 18:25:13,078 DEBUG StandardJtaPlatformResolver: Could not resolve JtaPlatform, using default [org.hibernate.engine.transaction.jta.platform.internal.NoJtaPlatform]
2024-05-26 18:25:13,078 INFO JtaPlatformInitiator: HHH000489: No JTA platform available (set 'hibernate.transaction.jta.platform' to enable JTA platform integration)
2024-05-26 18:25:13,078 DEBUG TypeConfiguration$Scope: Scoping TypeConfiguration [org.hibernate.type.spi.TypeConfiguration@72825400] to SessionFactoryImplementor [org.hibernate.internal.SessionFactoryImpl@40ef0af8]
2024-05-26 18:25:13,078 DEBUG NamedObjectRepository: Checking 0 named HQL queries
2024-05-26 18:25:13,078 DEBUG NamedObjectRepository: Checking 0 named SQL queries
2024-05-26 18:25:13,095 DEBUG SchemaManagementToolCoordinator: No actions found; doing nothing
2024-05-26 18:25:13,112 DEBUG SessionFactoryRegistry: Initializing SessionFactoryRegistry : org.hibernate.internal.SessionFactoryRegistry@71aaf151
2024-05-26 18:25:13,112 DEBUG SessionFactoryRegistry: Registering SessionFactory: ba91aecd-b430-4153-aa21-1e4deed2fa8b (<unnamed>)
2024-05-26 18:25:13,112 DEBUG SessionFactoryRegistry: Not binding SessionFactory to JNDI, no JNDI name configured
2024-05-26 18:25:13,112 DEBUG SessionFactoryImpl: Instantiated SessionFactory
2024-05-26 18:25:13,211 DEBUG StatisticsInitiator: Statistics initialized [enabled=false]
